#
# There is insufficient memory for the Java Runtime Environment to continue.
# Native memory allocation (malloc) failed to allocate 903136 bytes for Chunk::new
# Possible reasons:
#   The system is out of physical RAM or swap space
#   The process is running with CompressedOops enabled, and the Java Heap may be blocking the growth of the native heap
# Possible solutions:
#   Reduce memory load on the system
#   Increase physical memory or swap space
#   Check if swap backing store is full
#   Decrease Java heap size (-Xmx/-Xms)
#   Decrease number of Java threads
#   Decrease Java thread stack sizes (-Xss)
#   Set larger code cache with -XX:ReservedCodeCacheSize=
#   JVM is running with Unscaled Compressed Oops mode in which the Java heap is
#     placed in the first 4GB address space. The Java Heap base address is the
#     maximum limit for the native heap growth. Please use -XX:HeapBaseMinAddress
#     to set the Java Heap base and to place the Java Heap above 4GB virtual address.
# This output file may be truncated or incomplete.
#
#  Out of Memory Error (./src/hotspot/share/memory/arena.cpp:197), pid=20932, tid=22400
#
# JRE version: OpenJDK Runtime Environment (11.0.10) (build 11.0.10+0-b96-7249189)
# Java VM: OpenJDK 64-Bit Server VM (11.0.10+0-b96-7249189, mixed mode, tiered, compressed oops, g1 gc, windows-amd64)
# No core dump will be written. Minidumps are not enabled by default on client versions of Windows
#

---------------  S U M M A R Y ------------

Command Line: --add-opens=java.base/java.util=ALL-UNNAMED --add-opens=java.base/java.lang=ALL-UNNAMED --add-opens=java.base/java.lang.invoke=ALL-UNNAMED --add-opens=java.base/java.util=ALL-UNNAMED --add-opens=java.prefs/java.util.prefs=ALL-UNNAMED --add-opens=java.prefs/java.util.prefs=ALL-UNNAMED --add-opens=java.base/java.nio.charset=ALL-UNNAMED --add-opens=java.base/java.net=ALL-UNNAMED --add-opens=java.base/java.util.concurrent.atomic=ALL-UNNAMED -Xmx2048m -Dfile.encoding=UTF-8 -Duser.country=US -Duser.language=en -Duser.variant org.gradle.launcher.daemon.bootstrap.GradleDaemon 7.0.2

Host: Intel(R) Core(TM) i7-10510U CPU @ 1.80GHz, 8 cores, 15G,  Windows 10 , 64 bit Build 18362 (10.0.18362.1500)
Time: Wed Mar 16 17:43:29 2022 Turkey Standard Time elapsed time: 149.148104 seconds (0d 0h 2m 29s)

---------------  T H R E A D  ---------------

Current thread (0x000001f348bbe800):  JavaThread "C2 CompilerThread2" daemon [_thread_in_native, id=22400, stack(0x000000586b700000,0x000000586b800000)]


Current CompileTask:
C2: 149148 20303 %     4       com.android.tools.r8.ir.regalloc.a::i @ 190 (620 bytes)

Stack: [0x000000586b700000,0x000000586b800000]
Native frames: (J=compiled Java code, j=interpreted, Vv=VM code, C=native code)
V  [jvm.dll+0x5ecfaa]
V  [jvm.dll+0x722bd5]
V  [jvm.dll+0x72412d]
V  [jvm.dll+0x7247e3]
V  [jvm.dll+0x242928]
V  [jvm.dll+0xbc4fc]
V  [jvm.dll+0xbca0c]
V  [jvm.dll+0x2b4fd4]
V  [jvm.dll+0x506028]
V  [jvm.dll+0x1fcbde]
V  [jvm.dll+0x1fa77f]
V  [jvm.dll+0x18354c]
V  [jvm.dll+0x208ee7]
V  [jvm.dll+0x207731]
V  [jvm.dll+0x6eb1cf]
V  [jvm.dll+0x6e3d45]
V  [jvm.dll+0x5ebe96]
C  [ucrtbase.dll+0x210b2]
C  [KERNEL32.DLL+0x17c24]
C  [ntdll.dll+0x6d721]


---------------  P R O C E S S  ---------------

Threads class SMR info:
_java_thread_list=0x000001f34c9923c0, length=75, elements={
0x000001f32bab7000, 0x000001f3467a7000, 0x000001f3467a8000, 0x000001f3467c7800,
0x000001f3467c9000, 0x000001f3467ca000, 0x000001f3467cd000, 0x000001f346813800,
0x000001f34681d000, 0x000001f346991800, 0x000001f347b32800, 0x000001f348717800,
0x000001f348fb1800, 0x000001f34933a800, 0x000001f34933c000, 0x000001f34933d000,
0x000001f34933e800, 0x000001f349338800, 0x000001f34a0ff800, 0x000001f34a101000,
0x000001f34a102000, 0x000001f34a0fd000, 0x000001f34a100800, 0x000001f34a108000,
0x000001f34a108800, 0x000001f346f42000, 0x000001f346f44000, 0x000001f346f47000,
0x000001f346f44800, 0x000001f346f41800, 0x000001f346f4c000, 0x000001f346f50000,
0x000001f346f4f800, 0x000001f346f4d800, 0x000001f34deb4800, 0x000001f34deb3800,
0x000001f346f48000, 0x000001f346f45800, 0x000001f346f46800, 0x000001f346f49000,
0x000001f346f43000, 0x000001f346f49800, 0x000001f346f4d000, 0x000001f346f4a800,
0x000001f346f4b000, 0x000001f346f4e800, 0x000001f347904800, 0x000001f34deb3000,
0x000001f34deb6000, 0x000001f34deb5800, 0x000001f34deb0800, 0x000001f34deb1000,
0x000001f34deb7800, 0x000001f34deba000, 0x000001f34debb000, 0x000001f348bbe800,
0x000001f34a0fc800, 0x000001f34a103000, 0x000001f34a106000, 0x000001f34a107000,
0x000001f34a103800, 0x000001f34a104800, 0x000001f34a10a000, 0x000001f34a10b000,
0x000001f34deb2000, 0x000001f34debe000, 0x000001f34deb8800, 0x000001f34debc000,
0x000001f34debd800, 0x000001f34debc800, 0x000001f34debf000, 0x000001f34deb9800,
0x000001f34933d800, 0x000001f34933f800, 0x000001f34933b000
}

Java Threads: ( => current thread )
  0x000001f32bab7000 JavaThread "main" [_thread_blocked, id=20772, stack(0x0000005867900000,0x0000005867a00000)]
  0x000001f3467a7000 JavaThread "Reference Handler" daemon [_thread_blocked, id=21988, stack(0x0000005868000000,0x0000005868100000)]
  0x000001f3467a8000 JavaThread "Finalizer" daemon [_thread_blocked, id=10208, stack(0x0000005868100000,0x0000005868200000)]
  0x000001f3467c7800 JavaThread "Signal Dispatcher" daemon [_thread_blocked, id=13224, stack(0x0000005868200000,0x0000005868300000)]
  0x000001f3467c9000 JavaThread "Attach Listener" daemon [_thread_blocked, id=16888, stack(0x0000005868300000,0x0000005868400000)]
  0x000001f3467ca000 JavaThread "Service Thread" daemon [_thread_blocked, id=16508, stack(0x0000005868400000,0x0000005868500000)]
  0x000001f3467cd000 JavaThread "C2 CompilerThread0" daemon [_thread_in_native, id=20496, stack(0x0000005868500000,0x0000005868600000)]
  0x000001f346813800 JavaThread "C1 CompilerThread0" daemon [_thread_in_native, id=19176, stack(0x0000005868600000,0x0000005868700000)]
  0x000001f34681d000 JavaThread "Sweeper thread" daemon [_thread_blocked, id=20544, stack(0x0000005868700000,0x0000005868800000)]
  0x000001f346991800 JavaThread "Common-Cleaner" daemon [_thread_blocked, id=6528, stack(0x0000005868800000,0x0000005868900000)]
  0x000001f347b32800 JavaThread "Daemon health stats" [_thread_blocked, id=21324, stack(0x0000005869000000,0x0000005869100000)]
  0x000001f348717800 JavaThread "Incoming local TCP Connector on port 59422" [_thread_in_native, id=4604, stack(0x0000005868a00000,0x0000005868b00000)]
  0x000001f348fb1800 JavaThread "Daemon periodic checks" [_thread_blocked, id=21532, stack(0x0000005869200000,0x0000005869300000)]
  0x000001f34933a800 JavaThread "Cache worker for file hash cache (C:\Users\s00598961\.gradle\caches\7.0.2\fileHashes)" [_thread_blocked, id=8432, stack(0x0000005869a00000,0x0000005869b00000)]
  0x000001f34933c000 JavaThread "File lock request listener" [_thread_in_native, id=9776, stack(0x0000005869b00000,0x0000005869c00000)]
  0x000001f34933d000 JavaThread "Cache worker for journal cache (C:\Users\s00598961\.gradle\caches\journal-1)" [_thread_blocked, id=15012, stack(0x0000005869f00000,0x000000586a000000)]
  0x000001f34933e800 JavaThread "File watcher server" daemon [_thread_in_native, id=20520, stack(0x000000586a100000,0x000000586a200000)]
  0x000001f349338800 JavaThread "File watcher consumer" daemon [_thread_blocked, id=10260, stack(0x000000586a200000,0x000000586a300000)]
  0x000001f34a0ff800 JavaThread "Cache worker for execution history cache (C:\Users\s00598961\.gradle\caches\7.0.2\executionHistory)" [_thread_blocked, id=1072, stack(0x000000586a600000,0x000000586a700000)]
  0x000001f34a101000 JavaThread "jar transforms" [_thread_blocked, id=18440, stack(0x000000586a800000,0x000000586a900000)]
  0x000001f34a102000 JavaThread "jar transforms Thread 2" [_thread_blocked, id=21084, stack(0x000000586a900000,0x000000586aa00000)]
  0x000001f34a0fd000 JavaThread "Cache worker for file content cache (C:\Users\s00598961\.gradle\caches\7.0.2\fileContent)" [_thread_blocked, id=15644, stack(0x000000586aa00000,0x000000586ab00000)]
  0x000001f34a100800 JavaThread "Memory manager" [_thread_blocked, id=2988, stack(0x000000586ad00000,0x000000586ae00000)]
  0x000001f34a108000 JavaThread "Cache worker for kotlin-dsl (C:\Users\s00598961\.gradle\caches\7.0.2\kotlin-dsl)" [_thread_blocked, id=18884, stack(0x000000586ae00000,0x000000586af00000)]
  0x000001f34a108800 JavaThread "jar transforms Thread 3" [_thread_blocked, id=20536, stack(0x000000586af00000,0x000000586b000000)]
  0x000001f346f42000 JavaThread "jar transforms Thread 4" [_thread_blocked, id=11144, stack(0x000000586b800000,0x000000586b900000)]
  0x000001f346f44000 JavaThread "jar transforms Thread 5" [_thread_blocked, id=10012, stack(0x000000586b900000,0x000000586ba00000)]
  0x000001f346f47000 JavaThread "jar transforms Thread 6" [_thread_blocked, id=19892, stack(0x000000586ba00000,0x000000586bb00000)]
  0x000001f346f44800 JavaThread "jar transforms Thread 7" [_thread_blocked, id=1564, stack(0x000000586bb00000,0x000000586bc00000)]
  0x000001f346f41800 JavaThread "jar transforms Thread 8" [_thread_blocked, id=18632, stack(0x000000586bc00000,0x000000586bd00000)]
  0x000001f346f4c000 JavaThread "RMI Scheduler(0)" daemon [_thread_blocked, id=10184, stack(0x0000005869100000,0x0000005869200000)]
  0x000001f346f50000 JavaThread "RMI GC Daemon" daemon [_thread_blocked, id=16956, stack(0x000000586c500000,0x000000586c600000)]
  0x000001f346f4f800 JavaThread "RMI TCP Accept-0" daemon [_thread_in_native, id=16892, stack(0x000000586c600000,0x000000586c700000)]
  0x000001f346f4d800 JavaThread "RMI Reaper" [_thread_blocked, id=11308, stack(0x000000586c700000,0x000000586c800000)]
  0x000001f34deb4800 JavaThread "Daemon Thread 2" [_thread_blocked, id=13444, stack(0x0000005867600000,0x0000005867700000)]
  0x000001f34deb3800 JavaThread "Daemon worker Thread 2" [_thread_blocked, id=12088, stack(0x0000005869300000,0x0000005869400000)]
  0x000001f346f48000 JavaThread "Handler for socket connection from /127.0.0.1:59422 to /127.0.0.1:59544" [_thread_in_native, id=14556, stack(0x0000005867700000,0x0000005867800000)]
  0x000001f346f45800 JavaThread "Cancel handler" [_thread_blocked, id=12264, stack(0x0000005867800000,0x0000005867900000)]
  0x000001f346f46800 JavaThread "Asynchronous log dispatcher for DefaultDaemonConnection: socket connection from /127.0.0.1:59422 to /127.0.0.1:59544" [_thread_blocked, id=20952, stack(0x0000005869600000,0x0000005869700000)]
  0x000001f346f49000 JavaThread "Stdin handler" [_thread_blocked, id=12052, stack(0x0000005869700000,0x0000005869800000)]
  0x000001f346f43000 JavaThread "Daemon client event forwarder" [_thread_blocked, id=15680, stack(0x0000005869800000,0x0000005869900000)]
  0x000001f346f49800 JavaThread "Cache worker for file hash cache (C:\Users\s00598961\Desktop\QuickLine\.gradle\7.0.2\fileHashes)" [_thread_blocked, id=4848, stack(0x0000005869900000,0x0000005869a00000)]
  0x000001f346f4d000 JavaThread "Cache worker for checksums cache (C:\Users\s00598961\Desktop\QuickLine\.gradle\checksums)" [_thread_blocked, id=20636, stack(0x000000586a000000,0x000000586a100000)]
  0x000001f346f4a800 JavaThread "Cache worker for cache directory md-supplier (C:\Users\s00598961\.gradle\caches\7.0.2\md-supplier)" [_thread_blocked, id=12028, stack(0x000000586a300000,0x000000586a400000)]
  0x000001f346f4b000 JavaThread "Cache worker for cache directory md-rule (C:\Users\s00598961\.gradle\caches\7.0.2\md-rule)" [_thread_blocked, id=4060, stack(0x000000586a400000,0x000000586a500000)]
  0x000001f346f4e800 JavaThread "Cache worker for dependencies-accessors (C:\Users\s00598961\Desktop\QuickLine\.gradle\7.0.2\dependencies-accessors)" [_thread_blocked, id=16416, stack(0x000000586a500000,0x000000586a600000)]
  0x000001f347904800 JavaThread "C2 CompilerThread1" daemon [_thread_in_native, id=17216, stack(0x000000586ab00000,0x000000586ac00000)]
  0x000001f34deb3000 JavaThread "Build operations" [_thread_in_Java, id=19316, stack(0x000000586ac00000,0x000000586ad00000)]
  0x000001f34deb6000 JavaThread "Build operations Thread 2" [_thread_in_native, id=9308, stack(0x000000586b000000,0x000000586b100000)]
  0x000001f34deb5800 JavaThread "Build operations Thread 3" [_thread_in_Java, id=19920, stack(0x000000586b100000,0x000000586b200000)]
  0x000001f34deb0800 JavaThread "Build operations Thread 4" [_thread_in_Java, id=14508, stack(0x000000586b200000,0x000000586b300000)]
  0x000001f34deb1000 JavaThread "Build operations Thread 5" [_thread_in_Java, id=17496, stack(0x000000586b300000,0x000000586b400000)]
  0x000001f34deb7800 JavaThread "Build operations Thread 6" [_thread_blocked, id=580, stack(0x000000586b400000,0x000000586b500000)]
  0x000001f34deba000 JavaThread "Build operations Thread 7" [_thread_in_Java, id=13880, stack(0x000000586b500000,0x000000586b600000)]
  0x000001f34debb000 JavaThread "Build operations Thread 8" [_thread_blocked, id=13240, stack(0x000000586b600000,0x000000586b700000)]
=>0x000001f348bbe800 JavaThread "C2 CompilerThread2" daemon [_thread_in_native, id=22400, stack(0x000000586b700000,0x000000586b800000)]
  0x000001f34a0fc800 JavaThread "Cache worker for Build Output Cleanup Cache (C:\Users\s00598961\Desktop\QuickLine\.gradle\buildOutputCleanup)" [_thread_blocked, id=19964, stack(0x000000586a700000,0x000000586a800000)]
  0x000001f34a103000 JavaThread "build event listener" [_thread_blocked, id=11960, stack(0x000000586bd00000,0x000000586be00000)]
  0x000001f34a106000 JavaThread "build event listener" [_thread_blocked, id=20504, stack(0x000000586be00000,0x000000586bf00000)]
  0x000001f34a107000 JavaThread "Execution worker for ':'" [_thread_blocked, id=13204, stack(0x000000586bf00000,0x000000586c000000)]
  0x000001f34a103800 JavaThread "Execution worker for ':' Thread 2" [_thread_blocked, id=18460, stack(0x000000586c000000,0x000000586c100000)]
  0x000001f34a104800 JavaThread "Execution worker for ':' Thread 3" [_thread_blocked, id=2692, stack(0x000000586c100000,0x000000586c200000)]
  0x000001f34a10a000 JavaThread "Execution worker for ':' Thread 4" [_thread_blocked, id=20832, stack(0x000000586c200000,0x000000586c300000)]
  0x000001f34a10b000 JavaThread "Execution worker for ':' Thread 5" [_thread_blocked, id=14424, stack(0x000000586c300000,0x000000586c400000)]
  0x000001f34deb2000 JavaThread "Execution worker for ':' Thread 6" [_thread_blocked, id=16404, stack(0x000000586c400000,0x000000586c500000)]
  0x000001f34debe000 JavaThread "Execution worker for ':' Thread 7" [_thread_blocked, id=20580, stack(0x000000586c800000,0x000000586c900000)]
  0x000001f34deb8800 JavaThread "Cache worker for execution history cache (C:\Users\s00598961\Desktop\QuickLine\.gradle\7.0.2\executionHistory)" [_thread_blocked, id=4544, stack(0x000000586c900000,0x000000586ca00000)]
  0x000001f34debc000 JavaThread "WorkerExecutor Queue" [_thread_blocked, id=21372, stack(0x000000586ca00000,0x000000586cb00000)]
  0x000001f34debd800 JavaThread "WorkerExecutor Queue Thread 2" [_thread_blocked, id=17484, stack(0x000000586cc00000,0x000000586cd00000)]
  0x000001f34debc800 JavaThread "WorkerExecutor Queue Thread 3" [_thread_blocked, id=15992, stack(0x000000586cf00000,0x000000586d000000)]
  0x000001f34debf000 JavaThread "WorkerExecutor Queue Thread 4" [_thread_blocked, id=14236, stack(0x000000586d000000,0x000000586d100000)]
  0x000001f34deb9800 JavaThread "WorkerExecutor Queue Thread 5" [_thread_blocked, id=16400, stack(0x000000586d100000,0x000000586d200000)]
  0x000001f34933d800 JavaThread "WorkerExecutor Queue Thread 6" [_thread_blocked, id=12996, stack(0x000000586d200000,0x000000586d300000)]
  0x000001f34933f800 JavaThread "WorkerExecutor Queue Thread 7" [_thread_blocked, id=17456, stack(0x000000586d300000,0x000000586d400000)]
  0x000001f34933b000 JavaThread "WorkerExecutor Queue Thread 8" [_thread_blocked, id=21160, stack(0x000000586d400000,0x000000586d500000)]

Other Threads:
  0x000001f34679b000 VMThread "VM Thread" [stack: 0x0000005867f00000,0x0000005868000000] [id=16004]
  0x000001f34699b800 WatcherThread [stack: 0x0000005868900000,0x0000005868a00000] [id=19972]
  0x000001f32bad1800 GCTaskThread "GC Thread#0" [stack: 0x0000005867a00000,0x0000005867b00000] [id=16688]
  0x000001f347e2d800 GCTaskThread "GC Thread#1" [stack: 0x0000005868b00000,0x0000005868c00000] [id=3968]
  0x000001f347034000 GCTaskThread "GC Thread#2" [stack: 0x0000005868c00000,0x0000005868d00000] [id=16256]
  0x000001f3478c7800 GCTaskThread "GC Thread#3" [stack: 0x0000005868d00000,0x0000005868e00000] [id=22396]
  0x000001f34758c800 GCTaskThread "GC Thread#4" [stack: 0x0000005868e00000,0x0000005868f00000] [id=22200]
  0x000001f3476f1800 GCTaskThread "GC Thread#5" [stack: 0x0000005868f00000,0x0000005869000000] [id=2132]
  0x000001f34879c000 GCTaskThread "GC Thread#6" [stack: 0x0000005869c00000,0x0000005869d00000] [id=21956]
  0x000001f3479a4000 GCTaskThread "GC Thread#7" [stack: 0x0000005869d00000,0x0000005869e00000] [id=11480]
  0x000001f32bb03800 ConcurrentGCThread "G1 Main Marker" [stack: 0x0000005867b00000,0x0000005867c00000] [id=13692]
  0x000001f32bb04800 ConcurrentGCThread "G1 Conc#0" [stack: 0x0000005867c00000,0x0000005867d00000] [id=17476]
  0x000001f348950000 ConcurrentGCThread "G1 Conc#1" [stack: 0x0000005869e00000,0x0000005869f00000] [id=8476]
  0x000001f32bb7e000 ConcurrentGCThread "G1 Refine#0" [stack: 0x0000005867d00000,0x0000005867e00000] [id=17748]
  0x000001f34a24a000 ConcurrentGCThread "G1 Refine#1" [stack: 0x000000586cd00000,0x000000586ce00000] [id=13968]
  0x000001f34f3af000 ConcurrentGCThread "G1 Refine#2" [stack: 0x000000586ce00000,0x000000586cf00000] [id=20280]
  0x000001f345de6800 ConcurrentGCThread "G1 Young RemSet Sampling" [stack: 0x0000005867e00000,0x0000005867f00000] [id=8384]

Threads with active compile tasks:
C2 CompilerThread0 149220 20174       4       com.android.tools.r8.internal.U6::a (4191 bytes)
C1 CompilerThread0 149220 20716   !   2       com.android.tools.r8.ir.conversion.k::a (330 bytes)
C2 CompilerThread1 149220 20034 %     4       com.android.tools.r8.internal.Mv::a @ 80 (1305 bytes)
C2 CompilerThread2 149220 20303 %     4       com.android.tools.r8.ir.regalloc.a::i @ 190 (620 bytes)

VM state:not at safepoint (normal execution)

VM Mutex/Monitor currently owned by a thread: None

Heap address: 0x0000000080000000, size: 2048 MB, Compressed Oops mode: 32-bit
Narrow klass base: 0x0000000000000000, Narrow klass shift: 3
Compressed class space size: 1073741824 Address: 0x0000000100000000

Heap:
 garbage-first heap   total 374784K, used 215449K [0x0000000080000000, 0x0000000100000000)
  region size 1024K, 56 young (57344K), 15 survivors (15360K)
 Metaspace       used 126939K, capacity 130594K, committed 130808K, reserved 1163264K
  class space    used 16198K, capacity 17609K, committed 17656K, reserved 1048576K
Heap Regions: E=young(eden), S=young(survivor), O=old, HS=humongous(starts), HC=humongous(continues), CS=collection set, F=free, A=archive, TAMS=top-at-mark-start (previous, next)
|   0|0x0000000080000000, 0x0000000080100000, 0x0000000080100000|100%| O|  |TAMS 0x0000000080100000, 0x0000000080000000| Untracked 
|   1|0x0000000080100000, 0x0000000080200000, 0x0000000080200000|100%| O|  |TAMS 0x0000000080200000, 0x0000000080100000| Untracked 
|   2|0x0000000080200000, 0x0000000080300000, 0x0000000080300000|100%| O|  |TAMS 0x0000000080300000, 0x0000000080200000| Untracked 
|   3|0x0000000080300000, 0x0000000080400000, 0x0000000080400000|100%|HS|  |TAMS 0x0000000080400000, 0x0000000080300000| Complete 
|   4|0x0000000080400000, 0x0000000080500000, 0x0000000080500000|100%|HC|  |TAMS 0x0000000080500000, 0x0000000080400000| Complete 
|   5|0x0000000080500000, 0x0000000080600000, 0x0000000080600000|100%|HC|  |TAMS 0x0000000080600000, 0x0000000080500000| Complete 
|   6|0x0000000080600000, 0x0000000080700000, 0x0000000080700000|100%| O|  |TAMS 0x0000000080700000, 0x0000000080600000| Untracked 
|   7|0x0000000080700000, 0x0000000080800000, 0x0000000080800000|100%| O|  |TAMS 0x0000000080800000, 0x0000000080700000| Untracked 
|   8|0x0000000080800000, 0x0000000080900000, 0x0000000080900000|100%| O|  |TAMS 0x0000000080900000, 0x0000000080800000| Untracked 
|   9|0x0000000080900000, 0x0000000080a00000, 0x0000000080a00000|100%| O|  |TAMS 0x0000000080a00000, 0x0000000080900000| Untracked 
|  10|0x0000000080a00000, 0x0000000080b00000, 0x0000000080b00000|100%| O|  |TAMS 0x0000000080b00000, 0x0000000080a00000| Untracked 
|  11|0x0000000080b00000, 0x0000000080c00000, 0x0000000080c00000|100%| O|  |TAMS 0x0000000080c00000, 0x0000000080b00000| Untracked 
|  12|0x0000000080c00000, 0x0000000080d00000, 0x0000000080d00000|100%| O|  |TAMS 0x0000000080d00000, 0x0000000080c00000| Untracked 
|  13|0x0000000080d00000, 0x0000000080e00000, 0x0000000080e00000|100%| O|  |TAMS 0x0000000080e00000, 0x0000000080d00000| Untracked 
|  14|0x0000000080e00000, 0x0000000080f00000, 0x0000000080f00000|100%| O|  |TAMS 0x0000000080f00000, 0x0000000080e00000| Untracked 
|  15|0x0000000080f00000, 0x0000000081000000, 0x0000000081000000|100%| O|  |TAMS 0x0000000081000000, 0x0000000080f00000| Untracked 
|  16|0x0000000081000000, 0x0000000081100000, 0x0000000081100000|100%|HS|  |TAMS 0x0000000081100000, 0x0000000081000000| Complete 
|  17|0x0000000081100000, 0x0000000081200000, 0x0000000081200000|100%|HC|  |TAMS 0x0000000081200000, 0x0000000081100000| Complete 
|  18|0x0000000081200000, 0x0000000081300000, 0x0000000081300000|100%|HC|  |TAMS 0x0000000081300000, 0x0000000081200000| Complete 
|  19|0x0000000081300000, 0x0000000081400000, 0x0000000081400000|100%| O|  |TAMS 0x0000000081400000, 0x0000000081300000| Untracked 
|  20|0x0000000081400000, 0x0000000081500000, 0x0000000081500000|100%| O|  |TAMS 0x0000000081500000, 0x0000000081400000| Untracked 
|  21|0x0000000081500000, 0x0000000081600000, 0x0000000081600000|100%| O|  |TAMS 0x0000000081600000, 0x0000000081500000| Untracked 
|  22|0x0000000081600000, 0x0000000081700000, 0x0000000081700000|100%| O|  |TAMS 0x0000000081700000, 0x0000000081600000| Untracked 
|  23|0x0000000081700000, 0x0000000081800000, 0x0000000081800000|100%| O|  |TAMS 0x0000000081800000, 0x0000000081700000| Untracked 
|  24|0x0000000081800000, 0x0000000081900000, 0x0000000081900000|100%| O|  |TAMS 0x0000000081900000, 0x0000000081800000| Untracked 
|  25|0x0000000081900000, 0x0000000081a00000, 0x0000000081a00000|100%| O|  |TAMS 0x0000000081a00000, 0x0000000081900000| Untracked 
|  26|0x0000000081a00000, 0x0000000081b00000, 0x0000000081b00000|100%| O|  |TAMS 0x0000000081b00000, 0x0000000081a00000| Untracked 
|  27|0x0000000081b00000, 0x0000000081c00000, 0x0000000081c00000|100%| O|  |TAMS 0x0000000081c00000, 0x0000000081b00000| Untracked 
|  28|0x0000000081c00000, 0x0000000081d00000, 0x0000000081d00000|100%| O|  |TAMS 0x0000000081d00000, 0x0000000081c00000| Untracked 
|  29|0x0000000081d00000, 0x0000000081e00000, 0x0000000081e00000|100%| O|  |TAMS 0x0000000081e00000, 0x0000000081d00000| Untracked 
|  30|0x0000000081e00000, 0x0000000081f00000, 0x0000000081f00000|100%| O|  |TAMS 0x0000000081f00000, 0x0000000081e00000| Untracked 
|  31|0x0000000081f00000, 0x0000000082000000, 0x0000000082000000|100%| O|  |TAMS 0x0000000082000000, 0x0000000081f00000| Untracked 
|  32|0x0000000082000000, 0x0000000082100000, 0x0000000082100000|100%| O|  |TAMS 0x0000000082100000, 0x0000000082000000| Untracked 
|  33|0x0000000082100000, 0x0000000082200000, 0x0000000082200000|100%| O|  |TAMS 0x0000000082200000, 0x0000000082100000| Untracked 
|  34|0x0000000082200000, 0x0000000082300000, 0x0000000082300000|100%| O|  |TAMS 0x0000000082300000, 0x0000000082200000| Untracked 
|  35|0x0000000082300000, 0x0000000082400000, 0x0000000082400000|100%| O|  |TAMS 0x0000000082400000, 0x0000000082300000| Untracked 
|  36|0x0000000082400000, 0x0000000082500000, 0x0000000082500000|100%| O|  |TAMS 0x0000000082500000, 0x0000000082400000| Untracked 
|  37|0x0000000082500000, 0x0000000082600000, 0x0000000082600000|100%| O|  |TAMS 0x0000000082600000, 0x0000000082500000| Untracked 
|  38|0x0000000082600000, 0x0000000082700000, 0x0000000082700000|100%| O|  |TAMS 0x0000000082700000, 0x0000000082600000| Untracked 
|  39|0x0000000082700000, 0x0000000082800000, 0x0000000082800000|100%|HS|  |TAMS 0x0000000082800000, 0x0000000082700000| Complete 
|  40|0x0000000082800000, 0x0000000082900000, 0x0000000082900000|100%|HS|  |TAMS 0x0000000082900000, 0x0000000082800000| Complete 
|  41|0x0000000082900000, 0x0000000082a00000, 0x0000000082a00000|100%|HS|  |TAMS 0x0000000082a00000, 0x0000000082900000| Complete 
|  42|0x0000000082a00000, 0x0000000082b00000, 0x0000000082b00000|100%|HS|  |TAMS 0x0000000082b00000, 0x0000000082a00000| Complete 
|  43|0x0000000082b00000, 0x0000000082c00000, 0x0000000082c00000|100%|HC|  |TAMS 0x0000000082c00000, 0x0000000082b00000| Complete 
|  44|0x0000000082c00000, 0x0000000082d00000, 0x0000000082d00000|100%|HC|  |TAMS 0x0000000082d00000, 0x0000000082c00000| Complete 
|  45|0x0000000082d00000, 0x0000000082e00000, 0x0000000082e00000|100%|HS|  |TAMS 0x0000000082e00000, 0x0000000082d00000| Complete 
|  46|0x0000000082e00000, 0x0000000082f00000, 0x0000000082f00000|100%|HC|  |TAMS 0x0000000082f00000, 0x0000000082e00000| Complete 
|  47|0x0000000082f00000, 0x0000000083000000, 0x0000000083000000|100%| O|  |TAMS 0x0000000083000000, 0x0000000082f00000| Untracked 
|  48|0x0000000083000000, 0x0000000083100000, 0x0000000083100000|100%| O|  |TAMS 0x0000000083100000, 0x0000000083000000| Untracked 
|  49|0x0000000083100000, 0x0000000083200000, 0x0000000083200000|100%| O|  |TAMS 0x0000000083200000, 0x0000000083100000| Untracked 
|  50|0x0000000083200000, 0x0000000083300000, 0x0000000083300000|100%| O|  |TAMS 0x0000000083300000, 0x0000000083200000| Untracked 
|  51|0x0000000083300000, 0x0000000083400000, 0x0000000083400000|100%| O|  |TAMS 0x0000000083400000, 0x0000000083300000| Untracked 
|  52|0x0000000083400000, 0x0000000083500000, 0x0000000083500000|100%| O|  |TAMS 0x0000000083500000, 0x0000000083400000| Untracked 
|  53|0x0000000083500000, 0x0000000083600000, 0x0000000083600000|100%| O|  |TAMS 0x0000000083600000, 0x0000000083500000| Untracked 
|  54|0x0000000083600000, 0x0000000083700000, 0x0000000083700000|100%| O|  |TAMS 0x0000000083700000, 0x0000000083600000| Untracked 
|  55|0x0000000083700000, 0x0000000083800000, 0x0000000083800000|100%| O|  |TAMS 0x0000000083800000, 0x0000000083700000| Untracked 
|  56|0x0000000083800000, 0x0000000083900000, 0x0000000083900000|100%| O|  |TAMS 0x0000000083900000, 0x0000000083800000| Untracked 
|  57|0x0000000083900000, 0x0000000083a00000, 0x0000000083a00000|100%| O|  |TAMS 0x0000000083a00000, 0x0000000083900000| Untracked 
|  58|0x0000000083a00000, 0x0000000083b00000, 0x0000000083b00000|100%| O|  |TAMS 0x0000000083b00000, 0x0000000083a00000| Untracked 
|  59|0x0000000083b00000, 0x0000000083c00000, 0x0000000083c00000|100%| O|  |TAMS 0x0000000083c00000, 0x0000000083b00000| Untracked 
|  60|0x0000000083c00000, 0x0000000083d00000, 0x0000000083d00000|100%| O|  |TAMS 0x0000000083d00000, 0x0000000083c00000| Untracked 
|  61|0x0000000083d00000, 0x0000000083e00000, 0x0000000083e00000|100%| O|  |TAMS 0x0000000083e00000, 0x0000000083d00000| Untracked 
|  62|0x0000000083e00000, 0x0000000083f00000, 0x0000000083f00000|100%| O|  |TAMS 0x0000000083f00000, 0x0000000083e00000| Untracked 
|  63|0x0000000083f00000, 0x0000000084000000, 0x0000000084000000|100%| O|  |TAMS 0x0000000084000000, 0x0000000083f00000| Untracked 
|  64|0x0000000084000000, 0x0000000084100000, 0x0000000084100000|100%| O|  |TAMS 0x0000000084100000, 0x0000000084000000| Untracked 
|  65|0x0000000084100000, 0x0000000084200000, 0x0000000084200000|100%| O|  |TAMS 0x0000000084200000, 0x0000000084100000| Untracked 
|  66|0x0000000084200000, 0x0000000084300000, 0x0000000084300000|100%| O|  |TAMS 0x0000000084300000, 0x0000000084200000| Untracked 
|  67|0x0000000084300000, 0x0000000084400000, 0x0000000084400000|100%| O|  |TAMS 0x0000000084400000, 0x0000000084300000| Untracked 
|  68|0x0000000084400000, 0x0000000084500000, 0x0000000084500000|100%| O|  |TAMS 0x0000000084500000, 0x0000000084400000| Untracked 
|  69|0x0000000084500000, 0x0000000084600000, 0x0000000084600000|100%| O|  |TAMS 0x0000000084600000, 0x0000000084500000| Untracked 
|  70|0x0000000084600000, 0x0000000084700000, 0x0000000084700000|100%| O|  |TAMS 0x0000000084700000, 0x0000000084600000| Untracked 
|  71|0x0000000084700000, 0x0000000084800000, 0x0000000084800000|100%| O|  |TAMS 0x0000000084800000, 0x0000000084700000| Untracked 
|  72|0x0000000084800000, 0x0000000084900000, 0x0000000084900000|100%| O|  |TAMS 0x0000000084900000, 0x0000000084800000| Untracked 
|  73|0x0000000084900000, 0x0000000084a00000, 0x0000000084a00000|100%| O|  |TAMS 0x0000000084a00000, 0x0000000084900000| Untracked 
|  74|0x0000000084a00000, 0x0000000084b00000, 0x0000000084b00000|100%| O|  |TAMS 0x0000000084b00000, 0x0000000084a00000| Untracked 
|  75|0x0000000084b00000, 0x0000000084c00000, 0x0000000084c00000|100%| O|  |TAMS 0x0000000084c00000, 0x0000000084b00000| Untracked 
|  76|0x0000000084c00000, 0x0000000084d00000, 0x0000000084d00000|100%| O|  |TAMS 0x0000000084d00000, 0x0000000084c00000| Untracked 
|  77|0x0000000084d00000, 0x0000000084e00000, 0x0000000084e00000|100%| O|  |TAMS 0x0000000084e00000, 0x0000000084d00000| Untracked 
|  78|0x0000000084e00000, 0x0000000084f00000, 0x0000000084f00000|100%| O|  |TAMS 0x0000000084f00000, 0x0000000084e00000| Untracked 
|  79|0x0000000084f00000, 0x0000000085000000, 0x0000000085000000|100%| O|  |TAMS 0x0000000084f00000, 0x0000000084f00000| Untracked 
|  80|0x0000000085000000, 0x0000000085100000, 0x0000000085100000|100%| O|  |TAMS 0x0000000085100000, 0x0000000085000000| Untracked 
|  81|0x0000000085100000, 0x0000000085200000, 0x0000000085200000|100%| O|  |TAMS 0x0000000085200000, 0x0000000085100000| Untracked 
|  82|0x0000000085200000, 0x0000000085300000, 0x0000000085300000|100%| O|  |TAMS 0x0000000085300000, 0x0000000085200000| Untracked 
|  83|0x0000000085300000, 0x0000000085400000, 0x0000000085400000|100%| O|  |TAMS 0x0000000085400000, 0x0000000085300000| Untracked 
|  84|0x0000000085400000, 0x0000000085500000, 0x0000000085500000|100%| O|  |TAMS 0x0000000085500000, 0x0000000085400000| Untracked 
|  85|0x0000000085500000, 0x0000000085600000, 0x0000000085600000|100%| O|  |TAMS 0x0000000085600000, 0x0000000085500000| Untracked 
|  86|0x0000000085600000, 0x0000000085700000, 0x0000000085700000|100%| O|  |TAMS 0x0000000085700000, 0x0000000085600000| Untracked 
|  87|0x0000000085700000, 0x0000000085800000, 0x0000000085800000|100%| O|  |TAMS 0x0000000085800000, 0x0000000085700000| Untracked 
|  88|0x0000000085800000, 0x0000000085900000, 0x0000000085900000|100%| O|  |TAMS 0x0000000085900000, 0x0000000085800000| Untracked 
|  89|0x0000000085900000, 0x0000000085a00000, 0x0000000085a00000|100%| O|  |TAMS 0x0000000085a00000, 0x0000000085900000| Untracked 
|  90|0x0000000085a00000, 0x0000000085b00000, 0x0000000085b00000|100%| O|  |TAMS 0x0000000085b00000, 0x0000000085a00000| Untracked 
|  91|0x0000000085b00000, 0x0000000085c00000, 0x0000000085c00000|100%| O|  |TAMS 0x0000000085c00000, 0x0000000085b00000| Untracked 
|  92|0x0000000085c00000, 0x0000000085d00000, 0x0000000085d00000|100%| O|  |TAMS 0x0000000085d00000, 0x0000000085c00000| Untracked 
|  93|0x0000000085d00000, 0x0000000085e00000, 0x0000000085e00000|100%| O|  |TAMS 0x0000000085e00000, 0x0000000085d00000| Untracked 
|  94|0x0000000085e00000, 0x0000000085f00000, 0x0000000085f00000|100%| O|  |TAMS 0x0000000085f00000, 0x0000000085e00000| Untracked 
|  95|0x0000000085f00000, 0x0000000086000000, 0x0000000086000000|100%| O|  |TAMS 0x0000000086000000, 0x0000000085f00000| Untracked 
|  96|0x0000000086000000, 0x0000000086100000, 0x0000000086100000|100%| O|  |TAMS 0x0000000086100000, 0x0000000086000000| Untracked 
|  97|0x0000000086100000, 0x0000000086200000, 0x0000000086200000|100%| O|  |TAMS 0x0000000086200000, 0x0000000086100000| Untracked 
|  98|0x0000000086200000, 0x0000000086300000, 0x0000000086300000|100%| O|  |TAMS 0x0000000086300000, 0x0000000086200000| Untracked 
|  99|0x0000000086300000, 0x0000000086400000, 0x0000000086400000|100%| O|  |TAMS 0x0000000086400000, 0x0000000086300000| Untracked 
| 100|0x0000000086400000, 0x0000000086500000, 0x0000000086500000|100%| O|  |TAMS 0x0000000086500000, 0x0000000086400000| Untracked 
| 101|0x0000000086500000, 0x0000000086600000, 0x0000000086600000|100%| O|  |TAMS 0x0000000086600000, 0x0000000086500000| Untracked 
| 102|0x0000000086600000, 0x0000000086700000, 0x0000000086700000|100%| O|  |TAMS 0x0000000086700000, 0x0000000086600000| Untracked 
| 103|0x0000000086700000, 0x0000000086800000, 0x0000000086800000|100%| O|  |TAMS 0x0000000086800000, 0x0000000086700000| Untracked 
| 104|0x0000000086800000, 0x0000000086900000, 0x0000000086900000|100%| O|  |TAMS 0x0000000086900000, 0x0000000086800000| Untracked 
| 105|0x0000000086900000, 0x0000000086a00000, 0x0000000086a00000|100%| O|  |TAMS 0x0000000086900000, 0x0000000086900000| Untracked 
| 106|0x0000000086a00000, 0x0000000086b00000, 0x0000000086b00000|100%| O|  |TAMS 0x0000000086a00000, 0x0000000086a00000| Untracked 
| 107|0x0000000086b00000, 0x0000000086c00000, 0x0000000086c00000|100%| O|  |TAMS 0x0000000086c00000, 0x0000000086b00000| Untracked 
| 108|0x0000000086c00000, 0x0000000086d00000, 0x0000000086d00000|100%| O|  |TAMS 0x0000000086d00000, 0x0000000086c00000| Untracked 
| 109|0x0000000086d00000, 0x0000000086e00000, 0x0000000086e00000|100%| O|  |TAMS 0x0000000086e00000, 0x0000000086d00000| Untracked 
| 110|0x0000000086e00000, 0x0000000086f00000, 0x0000000086f00000|100%| O|  |TAMS 0x0000000086f00000, 0x0000000086e00000| Untracked 
| 111|0x0000000086f00000, 0x0000000087000000, 0x0000000087000000|100%| O|  |TAMS 0x0000000087000000, 0x0000000086f00000| Untracked 
| 112|0x0000000087000000, 0x0000000087100000, 0x0000000087100000|100%| O|  |TAMS 0x0000000087100000, 0x0000000087000000| Untracked 
| 113|0x0000000087100000, 0x0000000087200000, 0x0000000087200000|100%| O|  |TAMS 0x0000000087193000, 0x0000000087100000| Untracked 
| 114|0x0000000087200000, 0x0000000087300000, 0x0000000087300000|100%| O|  |TAMS 0x0000000087300000, 0x0000000087200000| Untracked 
| 115|0x0000000087300000, 0x0000000087400000, 0x0000000087400000|100%| O|  |TAMS 0x0000000087400000, 0x0000000087300000| Untracked 
| 116|0x0000000087400000, 0x0000000087500000, 0x0000000087500000|100%| O|  |TAMS 0x0000000087500000, 0x0000000087400000| Untracked 
| 117|0x0000000087500000, 0x0000000087600000, 0x0000000087600000|100%| O|  |TAMS 0x0000000087600000, 0x0000000087500000| Untracked 
| 118|0x0000000087600000, 0x0000000087700000, 0x0000000087700000|100%| O|  |TAMS 0x0000000087600000, 0x0000000087600000| Untracked 
| 119|0x0000000087700000, 0x0000000087800000, 0x0000000087800000|100%| O|  |TAMS 0x0000000087700000, 0x0000000087700000| Untracked 
| 120|0x0000000087800000, 0x0000000087900000, 0x0000000087900000|100%| O|  |TAMS 0x0000000087800000, 0x0000000087800000| Untracked 
| 121|0x0000000087900000, 0x0000000087a00000, 0x0000000087a00000|100%| O|  |TAMS 0x0000000087900000, 0x0000000087900000| Untracked 
| 122|0x0000000087a00000, 0x0000000087b00000, 0x0000000087b00000|100%| O|  |TAMS 0x0000000087a00000, 0x0000000087a00000| Untracked 
| 123|0x0000000087b00000, 0x0000000087c00000, 0x0000000087c00000|100%| O|  |TAMS 0x0000000087c00000, 0x0000000087b00000| Untracked 
| 124|0x0000000087c00000, 0x0000000087d00000, 0x0000000087d00000|100%| O|  |TAMS 0x0000000087d00000, 0x0000000087c00000| Untracked 
| 125|0x0000000087d00000, 0x0000000087e00000, 0x0000000087e00000|100%| O|  |TAMS 0x0000000087d00000, 0x0000000087d00000| Untracked 
| 126|0x0000000087e00000, 0x0000000087f00000, 0x0000000087f00000|100%| O|  |TAMS 0x0000000087e00000, 0x0000000087e00000| Untracked 
| 127|0x0000000087f00000, 0x0000000088000000, 0x0000000088000000|100%| O|  |TAMS 0x0000000087f00000, 0x0000000087f00000| Untracked 
| 128|0x0000000088000000, 0x0000000088100000, 0x0000000088100000|100%| O|  |TAMS 0x0000000088000000, 0x0000000088000000| Untracked 
| 129|0x0000000088100000, 0x0000000088200000, 0x0000000088200000|100%| O|  |TAMS 0x0000000088100000, 0x0000000088100000| Untracked 
| 130|0x0000000088200000, 0x0000000088300000, 0x0000000088300000|100%| O|  |TAMS 0x0000000088200000, 0x0000000088200000| Untracked 
| 131|0x0000000088300000, 0x0000000088400000, 0x0000000088400000|100%| O|  |TAMS 0x0000000088300000, 0x0000000088300000| Untracked 
| 132|0x0000000088400000, 0x0000000088500000, 0x0000000088500000|100%| O|  |TAMS 0x0000000088400000, 0x0000000088400000| Untracked 
| 133|0x0000000088500000, 0x0000000088600000, 0x0000000088600000|100%| O|  |TAMS 0x0000000088500000, 0x0000000088500000| Untracked 
| 134|0x0000000088600000, 0x0000000088700000, 0x0000000088700000|100%| O|  |TAMS 0x0000000088600000, 0x0000000088600000| Untracked 
| 135|0x0000000088700000, 0x0000000088800000, 0x0000000088800000|100%| O|  |TAMS 0x0000000088800000, 0x0000000088700000| Untracked 
| 136|0x0000000088800000, 0x0000000088900000, 0x0000000088900000|100%| O|  |TAMS 0x0000000088900000, 0x0000000088800000| Untracked 
| 137|0x0000000088900000, 0x0000000088a00000, 0x0000000088a00000|100%| O|  |TAMS 0x0000000088900000, 0x0000000088900000| Untracked 
| 138|0x0000000088a00000, 0x0000000088b00000, 0x0000000088b00000|100%| O|  |TAMS 0x0000000088a00000, 0x0000000088a00000| Untracked 
| 139|0x0000000088b00000, 0x0000000088c00000, 0x0000000088c00000|100%| O|  |TAMS 0x0000000088b00000, 0x0000000088b00000| Untracked 
| 140|0x0000000088c00000, 0x0000000088d00000, 0x0000000088d00000|100%| O|  |TAMS 0x0000000088c00000, 0x0000000088c00000| Untracked 
| 141|0x0000000088d00000, 0x0000000088e00000, 0x0000000088e00000|100%| O|  |TAMS 0x0000000088d00000, 0x0000000088d00000| Untracked 
| 142|0x0000000088e00000, 0x0000000088f00000, 0x0000000088f00000|100%| O|  |TAMS 0x0000000088e00000, 0x0000000088e00000| Untracked 
| 143|0x0000000088f00000, 0x0000000089000000, 0x0000000089000000|100%| O|  |TAMS 0x0000000088f00000, 0x0000000088f00000| Untracked 
| 144|0x0000000089000000, 0x0000000089100000, 0x0000000089100000|100%| O|  |TAMS 0x0000000089000000, 0x0000000089000000| Untracked 
| 145|0x0000000089100000, 0x0000000089200000, 0x0000000089200000|100%| O|  |TAMS 0x0000000089100000, 0x0000000089100000| Untracked 
| 146|0x0000000089200000, 0x0000000089300000, 0x0000000089300000|100%| O|  |TAMS 0x0000000089200000, 0x0000000089200000| Untracked 
| 147|0x0000000089300000, 0x0000000089400000, 0x0000000089400000|100%| O|  |TAMS 0x0000000089300000, 0x0000000089300000| Untracked 
| 148|0x0000000089400000, 0x0000000089500000, 0x0000000089500000|100%| O|  |TAMS 0x0000000089400000, 0x0000000089400000| Untracked 
| 149|0x0000000089500000, 0x0000000089600000, 0x0000000089600000|100%| O|  |TAMS 0x0000000089500000, 0x0000000089500000| Untracked 
| 150|0x0000000089600000, 0x0000000089700000, 0x0000000089700000|100%| O|  |TAMS 0x0000000089600000, 0x0000000089600000| Untracked 
| 151|0x0000000089700000, 0x0000000089800000, 0x0000000089800000|100%| O|  |TAMS 0x0000000089700000, 0x0000000089700000| Untracked 
| 152|0x0000000089800000, 0x0000000089900000, 0x0000000089900000|100%| O|  |TAMS 0x0000000089800000, 0x0000000089800000| Untracked 
| 153|0x0000000089900000, 0x0000000089a00000, 0x0000000089a00000|100%| O|  |TAMS 0x0000000089900000, 0x0000000089900000| Untracked 
| 154|0x0000000089a00000, 0x0000000089b00000, 0x0000000089b00000|100%| O|  |TAMS 0x0000000089a00000, 0x0000000089a00000| Untracked 
| 155|0x0000000089b00000, 0x0000000089be9400, 0x0000000089c00000| 91%| O|  |TAMS 0x0000000089b00000, 0x0000000089b00000| Untracked 
| 156|0x0000000089c00000, 0x0000000089c00000, 0x0000000089d00000|  0%| F|  |TAMS 0x0000000089c00000, 0x0000000089c00000| Untracked 
| 157|0x0000000089d00000, 0x0000000089d00000, 0x0000000089e00000|  0%| F|  |TAMS 0x0000000089d00000, 0x0000000089d00000| Untracked 
| 158|0x0000000089e00000, 0x0000000089e00000, 0x0000000089f00000|  0%| F|  |TAMS 0x0000000089e00000, 0x0000000089e00000| Untracked 
| 159|0x0000000089f00000, 0x0000000089f00000, 0x000000008a000000|  0%| F|  |TAMS 0x0000000089f00000, 0x0000000089f00000| Untracked 
| 160|0x000000008a000000, 0x000000008a000000, 0x000000008a100000|  0%| F|  |TAMS 0x000000008a000000, 0x000000008a000000| Untracked 
| 161|0x000000008a100000, 0x000000008a100000, 0x000000008a200000|  0%| F|  |TAMS 0x000000008a100000, 0x000000008a100000| Untracked 
| 162|0x000000008a200000, 0x000000008a200000, 0x000000008a300000|  0%| F|  |TAMS 0x000000008a200000, 0x000000008a200000| Untracked 
| 163|0x000000008a300000, 0x000000008a300000, 0x000000008a400000|  0%| F|  |TAMS 0x000000008a300000, 0x000000008a300000| Untracked 
| 164|0x000000008a400000, 0x000000008a400000, 0x000000008a500000|  0%| F|  |TAMS 0x000000008a400000, 0x000000008a400000| Untracked 
| 165|0x000000008a500000, 0x000000008a500000, 0x000000008a600000|  0%| F|  |TAMS 0x000000008a500000, 0x000000008a500000| Untracked 
| 166|0x000000008a600000, 0x000000008a600000, 0x000000008a700000|  0%| F|  |TAMS 0x000000008a600000, 0x000000008a600000| Untracked 
| 167|0x000000008a700000, 0x000000008a700000, 0x000000008a800000|  0%| F|  |TAMS 0x000000008a700000, 0x000000008a700000| Untracked 
| 168|0x000000008a800000, 0x000000008a800000, 0x000000008a900000|  0%| F|  |TAMS 0x000000008a800000, 0x000000008a800000| Untracked 
| 169|0x000000008a900000, 0x000000008a900000, 0x000000008aa00000|  0%| F|  |TAMS 0x000000008a900000, 0x000000008a900000| Untracked 
| 170|0x000000008aa00000, 0x000000008aa00000, 0x000000008ab00000|  0%| F|  |TAMS 0x000000008aa00000, 0x000000008aa00000| Untracked 
| 171|0x000000008ab00000, 0x000000008ab00000, 0x000000008ac00000|  0%| F|  |TAMS 0x000000008ab00000, 0x000000008ab00000| Untracked 
| 172|0x000000008ac00000, 0x000000008ac00000, 0x000000008ad00000|  0%| F|  |TAMS 0x000000008ac00000, 0x000000008ac00000| Untracked 
| 173|0x000000008ad00000, 0x000000008ad00000, 0x000000008ae00000|  0%| F|  |TAMS 0x000000008ad00000, 0x000000008ad00000| Untracked 
| 174|0x000000008ae00000, 0x000000008ae00000, 0x000000008af00000|  0%| F|  |TAMS 0x000000008ae00000, 0x000000008ae00000| Untracked 
| 175|0x000000008af00000, 0x000000008af00000, 0x000000008b000000|  0%| F|  |TAMS 0x000000008af00000, 0x000000008af00000| Untracked 
| 176|0x000000008b000000, 0x000000008b000000, 0x000000008b100000|  0%| F|  |TAMS 0x000000008b000000, 0x000000008b000000| Untracked 
| 177|0x000000008b100000, 0x000000008b100000, 0x000000008b200000|  0%| F|  |TAMS 0x000000008b100000, 0x000000008b100000| Untracked 
| 178|0x000000008b200000, 0x000000008b200000, 0x000000008b300000|  0%| F|  |TAMS 0x000000008b200000, 0x000000008b200000| Untracked 
| 179|0x000000008b300000, 0x000000008b300000, 0x000000008b400000|  0%| F|  |TAMS 0x000000008b300000, 0x000000008b300000| Untracked 
| 180|0x000000008b400000, 0x000000008b400000, 0x000000008b500000|  0%| F|  |TAMS 0x000000008b400000, 0x000000008b400000| Untracked 
| 181|0x000000008b500000, 0x000000008b500000, 0x000000008b600000|  0%| F|  |TAMS 0x000000008b500000, 0x000000008b500000| Untracked 
| 182|0x000000008b600000, 0x000000008b600000, 0x000000008b700000|  0%| F|  |TAMS 0x000000008b600000, 0x000000008b600000| Untracked 
| 183|0x000000008b700000, 0x000000008b700000, 0x000000008b800000|  0%| F|  |TAMS 0x000000008b700000, 0x000000008b700000| Untracked 
| 184|0x000000008b800000, 0x000000008b800000, 0x000000008b900000|  0%| F|  |TAMS 0x000000008b800000, 0x000000008b800000| Untracked 
| 185|0x000000008b900000, 0x000000008b900000, 0x000000008ba00000|  0%| F|  |TAMS 0x000000008b900000, 0x000000008b900000| Untracked 
| 186|0x000000008ba00000, 0x000000008ba00000, 0x000000008bb00000|  0%| F|  |TAMS 0x000000008ba00000, 0x000000008ba00000| Untracked 
| 187|0x000000008bb00000, 0x000000008bb00000, 0x000000008bc00000|  0%| F|  |TAMS 0x000000008bb00000, 0x000000008bb00000| Untracked 
| 188|0x000000008bc00000, 0x000000008bc00000, 0x000000008bd00000|  0%| F|  |TAMS 0x000000008bc00000, 0x000000008bc00000| Untracked 
| 189|0x000000008bd00000, 0x000000008bd00000, 0x000000008be00000|  0%| F|  |TAMS 0x000000008bd00000, 0x000000008bd00000| Untracked 
| 190|0x000000008be00000, 0x000000008be00000, 0x000000008bf00000|  0%| F|  |TAMS 0x000000008be00000, 0x000000008be00000| Untracked 
| 191|0x000000008bf00000, 0x000000008bf00000, 0x000000008c000000|  0%| F|  |TAMS 0x000000008bf00000, 0x000000008bf00000| Untracked 
| 192|0x000000008c000000, 0x000000008c000000, 0x000000008c100000|  0%| F|  |TAMS 0x000000008c000000, 0x000000008c000000| Untracked 
| 193|0x000000008c100000, 0x000000008c100000, 0x000000008c200000|  0%| F|  |TAMS 0x000000008c100000, 0x000000008c100000| Untracked 
| 194|0x000000008c200000, 0x000000008c200000, 0x000000008c300000|  0%| F|  |TAMS 0x000000008c200000, 0x000000008c200000| Untracked 
| 195|0x000000008c300000, 0x000000008c300000, 0x000000008c400000|  0%| F|  |TAMS 0x000000008c300000, 0x000000008c300000| Untracked 
| 196|0x000000008c400000, 0x000000008c400000, 0x000000008c500000|  0%| F|  |TAMS 0x000000008c400000, 0x000000008c400000| Untracked 
| 197|0x000000008c500000, 0x000000008c500000, 0x000000008c600000|  0%| F|  |TAMS 0x000000008c500000, 0x000000008c500000| Untracked 
| 198|0x000000008c600000, 0x000000008c600000, 0x000000008c700000|  0%| F|  |TAMS 0x000000008c600000, 0x000000008c600000| Untracked 
| 199|0x000000008c700000, 0x000000008c700000, 0x000000008c800000|  0%| F|  |TAMS 0x000000008c700000, 0x000000008c700000| Untracked 
| 200|0x000000008c800000, 0x000000008c800000, 0x000000008c900000|  0%| F|  |TAMS 0x000000008c800000, 0x000000008c800000| Untracked 
| 201|0x000000008c900000, 0x000000008c900000, 0x000000008ca00000|  0%| F|  |TAMS 0x000000008c900000, 0x000000008c900000| Untracked 
| 202|0x000000008ca00000, 0x000000008ca00000, 0x000000008cb00000|  0%| F|  |TAMS 0x000000008ca00000, 0x000000008ca00000| Untracked 
| 203|0x000000008cb00000, 0x000000008cb00000, 0x000000008cc00000|  0%| F|  |TAMS 0x000000008cb00000, 0x000000008cb00000| Untracked 
| 204|0x000000008cc00000, 0x000000008cc00000, 0x000000008cd00000|  0%| F|  |TAMS 0x000000008cc00000, 0x000000008cc00000| Untracked 
| 205|0x000000008cd00000, 0x000000008cd00000, 0x000000008ce00000|  0%| F|  |TAMS 0x000000008cd00000, 0x000000008cd00000| Untracked 
| 206|0x000000008ce00000, 0x000000008ce00000, 0x000000008cf00000|  0%| F|  |TAMS 0x000000008ce00000, 0x000000008ce00000| Untracked 
| 207|0x000000008cf00000, 0x000000008cf00000, 0x000000008d000000|  0%| F|  |TAMS 0x000000008cf00000, 0x000000008cf00000| Untracked 
| 208|0x000000008d000000, 0x000000008d000000, 0x000000008d100000|  0%| F|  |TAMS 0x000000008d000000, 0x000000008d000000| Untracked 
| 209|0x000000008d100000, 0x000000008d100000, 0x000000008d200000|  0%| F|  |TAMS 0x000000008d100000, 0x000000008d100000| Untracked 
| 210|0x000000008d200000, 0x000000008d200000, 0x000000008d300000|  0%| F|  |TAMS 0x000000008d200000, 0x000000008d200000| Untracked 
| 211|0x000000008d300000, 0x000000008d300000, 0x000000008d400000|  0%| F|  |TAMS 0x000000008d300000, 0x000000008d300000| Untracked 
| 212|0x000000008d400000, 0x000000008d400000, 0x000000008d500000|  0%| F|  |TAMS 0x000000008d400000, 0x000000008d400000| Untracked 
| 213|0x000000008d500000, 0x000000008d500000, 0x000000008d600000|  0%| F|  |TAMS 0x000000008d500000, 0x000000008d500000| Untracked 
| 214|0x000000008d600000, 0x000000008d600000, 0x000000008d700000|  0%| F|  |TAMS 0x000000008d600000, 0x000000008d600000| Untracked 
| 215|0x000000008d700000, 0x000000008d700000, 0x000000008d800000|  0%| F|  |TAMS 0x000000008d700000, 0x000000008d700000| Untracked 
| 216|0x000000008d800000, 0x000000008d800000, 0x000000008d900000|  0%| F|  |TAMS 0x000000008d800000, 0x000000008d800000| Untracked 
| 217|0x000000008d900000, 0x000000008d900000, 0x000000008da00000|  0%| F|  |TAMS 0x000000008d900000, 0x000000008d900000| Untracked 
| 218|0x000000008da00000, 0x000000008da00000, 0x000000008db00000|  0%| F|  |TAMS 0x000000008da00000, 0x000000008da00000| Untracked 
| 219|0x000000008db00000, 0x000000008db00000, 0x000000008dc00000|  0%| F|  |TAMS 0x000000008db00000, 0x000000008db00000| Untracked 
| 220|0x000000008dc00000, 0x000000008dc00000, 0x000000008dd00000|  0%| F|  |TAMS 0x000000008dc00000, 0x000000008dc00000| Untracked 
| 221|0x000000008dd00000, 0x000000008dd00000, 0x000000008de00000|  0%| F|  |TAMS 0x000000008dd00000, 0x000000008dd00000| Untracked 
| 222|0x000000008de00000, 0x000000008de00000, 0x000000008df00000|  0%| F|  |TAMS 0x000000008de00000, 0x000000008de00000| Untracked 
| 223|0x000000008df00000, 0x000000008df00000, 0x000000008e000000|  0%| F|  |TAMS 0x000000008df00000, 0x000000008df00000| Untracked 
| 224|0x000000008e000000, 0x000000008e000000, 0x000000008e100000|  0%| F|  |TAMS 0x000000008e000000, 0x000000008e000000| Untracked 
| 225|0x000000008e100000, 0x000000008e100000, 0x000000008e200000|  0%| F|  |TAMS 0x000000008e100000, 0x000000008e100000| Untracked 
| 226|0x000000008e200000, 0x000000008e200000, 0x000000008e300000|  0%| F|  |TAMS 0x000000008e200000, 0x000000008e200000| Untracked 
| 227|0x000000008e300000, 0x000000008e300000, 0x000000008e400000|  0%| F|  |TAMS 0x000000008e300000, 0x000000008e300000| Untracked 
| 228|0x000000008e400000, 0x000000008e400000, 0x000000008e500000|  0%| F|  |TAMS 0x000000008e400000, 0x000000008e400000| Untracked 
| 229|0x000000008e500000, 0x000000008e500000, 0x000000008e600000|  0%| F|  |TAMS 0x000000008e500000, 0x000000008e500000| Untracked 
| 230|0x000000008e600000, 0x000000008e600000, 0x000000008e700000|  0%| F|  |TAMS 0x000000008e600000, 0x000000008e600000| Untracked 
| 231|0x000000008e700000, 0x000000008e77d250, 0x000000008e800000| 48%| S|CS|TAMS 0x000000008e700000, 0x000000008e700000| Complete 
| 232|0x000000008e800000, 0x000000008e900000, 0x000000008e900000|100%| S|CS|TAMS 0x000000008e800000, 0x000000008e800000| Complete 
| 233|0x000000008e900000, 0x000000008ea00000, 0x000000008ea00000|100%| S|CS|TAMS 0x000000008e900000, 0x000000008e900000| Complete 
| 234|0x000000008ea00000, 0x000000008eb00000, 0x000000008eb00000|100%| S|CS|TAMS 0x000000008ea00000, 0x000000008ea00000| Complete 
| 235|0x000000008eb00000, 0x000000008ec00000, 0x000000008ec00000|100%| S|CS|TAMS 0x000000008eb00000, 0x000000008eb00000| Complete 
| 236|0x000000008ec00000, 0x000000008ed00000, 0x000000008ed00000|100%| S|CS|TAMS 0x000000008ec00000, 0x000000008ec00000| Complete 
| 237|0x000000008ed00000, 0x000000008ee00000, 0x000000008ee00000|100%| S|CS|TAMS 0x000000008ed00000, 0x000000008ed00000| Complete 
| 238|0x000000008ee00000, 0x000000008ef00000, 0x000000008ef00000|100%| S|CS|TAMS 0x000000008ee00000, 0x000000008ee00000| Complete 
| 239|0x000000008ef00000, 0x000000008f000000, 0x000000008f000000|100%| S|CS|TAMS 0x000000008ef00000, 0x000000008ef00000| Complete 
| 240|0x000000008f000000, 0x000000008f100000, 0x000000008f100000|100%| S|CS|TAMS 0x000000008f000000, 0x000000008f000000| Complete 
| 241|0x000000008f100000, 0x000000008f200000, 0x000000008f200000|100%| S|CS|TAMS 0x000000008f100000, 0x000000008f100000| Complete 
| 242|0x000000008f200000, 0x000000008f300000, 0x000000008f300000|100%| S|CS|TAMS 0x000000008f200000, 0x000000008f200000| Complete 
| 243|0x000000008f300000, 0x000000008f400000, 0x000000008f400000|100%| S|CS|TAMS 0x000000008f300000, 0x000000008f300000| Complete 
| 244|0x000000008f400000, 0x000000008f500000, 0x000000008f500000|100%| S|CS|TAMS 0x000000008f400000, 0x000000008f400000| Complete 
| 245|0x000000008f500000, 0x000000008f600000, 0x000000008f600000|100%| S|CS|TAMS 0x000000008f500000, 0x000000008f500000| Complete 
| 246|0x000000008f600000, 0x000000008f600000, 0x000000008f700000|  0%| F|  |TAMS 0x000000008f600000, 0x000000008f600000| Untracked 
| 247|0x000000008f700000, 0x000000008f700000, 0x000000008f800000|  0%| F|  |TAMS 0x000000008f700000, 0x000000008f700000| Untracked 
| 248|0x000000008f800000, 0x000000008f800000, 0x000000008f900000|  0%| F|  |TAMS 0x000000008f800000, 0x000000008f800000| Untracked 
| 249|0x000000008f900000, 0x000000008f900000, 0x000000008fa00000|  0%| F|  |TAMS 0x000000008f900000, 0x000000008f900000| Untracked 
| 250|0x000000008fa00000, 0x000000008fa00000, 0x000000008fb00000|  0%| F|  |TAMS 0x000000008fa00000, 0x000000008fa00000| Untracked 
| 251|0x000000008fb00000, 0x000000008fb00000, 0x000000008fc00000|  0%| F|  |TAMS 0x000000008fb00000, 0x000000008fb00000| Untracked 
| 252|0x000000008fc00000, 0x000000008fc00000, 0x000000008fd00000|  0%| F|  |TAMS 0x000000008fc00000, 0x000000008fc00000| Untracked 
| 253|0x000000008fd00000, 0x000000008fd00000, 0x000000008fe00000|  0%| F|  |TAMS 0x000000008fd00000, 0x000000008fd00000| Untracked 
| 254|0x000000008fe00000, 0x000000008fe00000, 0x000000008ff00000|  0%| F|  |TAMS 0x000000008fe00000, 0x000000008fe00000| Untracked 
| 255|0x000000008ff00000, 0x000000008ff00000, 0x0000000090000000|  0%| F|  |TAMS 0x000000008ff00000, 0x000000008ff00000| Untracked 
| 256|0x0000000090000000, 0x0000000090000000, 0x0000000090100000|  0%| F|  |TAMS 0x0000000090000000, 0x0000000090000000| Untracked 
| 257|0x0000000090100000, 0x0000000090100000, 0x0000000090200000|  0%| F|  |TAMS 0x0000000090100000, 0x0000000090100000| Untracked 
| 258|0x0000000090200000, 0x0000000090200000, 0x0000000090300000|  0%| F|  |TAMS 0x0000000090200000, 0x0000000090200000| Untracked 
| 259|0x0000000090300000, 0x0000000090300000, 0x0000000090400000|  0%| F|  |TAMS 0x0000000090300000, 0x0000000090300000| Untracked 
| 260|0x0000000090400000, 0x0000000090400000, 0x0000000090500000|  0%| F|  |TAMS 0x0000000090400000, 0x0000000090400000| Untracked 
| 261|0x0000000090500000, 0x0000000090500000, 0x0000000090600000|  0%| F|  |TAMS 0x0000000090500000, 0x0000000090500000| Untracked 
| 262|0x0000000090600000, 0x0000000090600000, 0x0000000090700000|  0%| F|  |TAMS 0x0000000090600000, 0x0000000090600000| Untracked 
| 263|0x0000000090700000, 0x0000000090700000, 0x0000000090800000|  0%| F|  |TAMS 0x0000000090700000, 0x0000000090700000| Untracked 
| 264|0x0000000090800000, 0x0000000090800000, 0x0000000090900000|  0%| F|  |TAMS 0x0000000090800000, 0x0000000090800000| Untracked 
| 265|0x0000000090900000, 0x0000000090900000, 0x0000000090a00000|  0%| F|  |TAMS 0x0000000090900000, 0x0000000090900000| Untracked 
| 266|0x0000000090a00000, 0x0000000090a00000, 0x0000000090b00000|  0%| F|  |TAMS 0x0000000090a00000, 0x0000000090a00000| Untracked 
| 267|0x0000000090b00000, 0x0000000090b00000, 0x0000000090c00000|  0%| F|  |TAMS 0x0000000090b00000, 0x0000000090b00000| Untracked 
| 268|0x0000000090c00000, 0x0000000090c00000, 0x0000000090d00000|  0%| F|  |TAMS 0x0000000090c00000, 0x0000000090c00000| Untracked 
| 269|0x0000000090d00000, 0x0000000090d00000, 0x0000000090e00000|  0%| F|  |TAMS 0x0000000090d00000, 0x0000000090d00000| Untracked 
| 270|0x0000000090e00000, 0x0000000090e00000, 0x0000000090f00000|  0%| F|  |TAMS 0x0000000090e00000, 0x0000000090e00000| Untracked 
| 271|0x0000000090f00000, 0x0000000090f00000, 0x0000000091000000|  0%| F|  |TAMS 0x0000000090f00000, 0x0000000090f00000| Untracked 
| 272|0x0000000091000000, 0x0000000091000000, 0x0000000091100000|  0%| F|  |TAMS 0x0000000091000000, 0x0000000091000000| Untracked 
| 273|0x0000000091100000, 0x0000000091100000, 0x0000000091200000|  0%| F|  |TAMS 0x0000000091100000, 0x0000000091100000| Untracked 
| 274|0x0000000091200000, 0x0000000091200000, 0x0000000091300000|  0%| F|  |TAMS 0x0000000091200000, 0x0000000091200000| Untracked 
| 275|0x0000000091300000, 0x0000000091300000, 0x0000000091400000|  0%| F|  |TAMS 0x0000000091300000, 0x0000000091300000| Untracked 
| 276|0x0000000091400000, 0x0000000091400000, 0x0000000091500000|  0%| F|  |TAMS 0x0000000091400000, 0x0000000091400000| Untracked 
| 277|0x0000000091500000, 0x0000000091500000, 0x0000000091600000|  0%| F|  |TAMS 0x0000000091500000, 0x0000000091500000| Untracked 
| 278|0x0000000091600000, 0x0000000091600000, 0x0000000091700000|  0%| F|  |TAMS 0x0000000091600000, 0x0000000091600000| Untracked 
| 279|0x0000000091700000, 0x0000000091700000, 0x0000000091800000|  0%| F|  |TAMS 0x0000000091700000, 0x0000000091700000| Untracked 
| 280|0x0000000091800000, 0x0000000091800000, 0x0000000091900000|  0%| F|  |TAMS 0x0000000091800000, 0x0000000091800000| Untracked 
| 281|0x0000000091900000, 0x0000000091900000, 0x0000000091a00000|  0%| F|  |TAMS 0x0000000091900000, 0x0000000091900000| Untracked 
| 282|0x0000000091a00000, 0x0000000091a00000, 0x0000000091b00000|  0%| F|  |TAMS 0x0000000091a00000, 0x0000000091a00000| Untracked 
| 283|0x0000000091b00000, 0x0000000091b00000, 0x0000000091c00000|  0%| F|  |TAMS 0x0000000091b00000, 0x0000000091b00000| Untracked 
| 284|0x0000000091c00000, 0x0000000091c00000, 0x0000000091d00000|  0%| F|  |TAMS 0x0000000091c00000, 0x0000000091c00000| Untracked 
| 285|0x0000000091d00000, 0x0000000091d00000, 0x0000000091e00000|  0%| F|  |TAMS 0x0000000091d00000, 0x0000000091d00000| Untracked 
| 286|0x0000000091e00000, 0x0000000091e00000, 0x0000000091f00000|  0%| F|  |TAMS 0x0000000091e00000, 0x0000000091e00000| Untracked 
| 287|0x0000000091f00000, 0x0000000091f00000, 0x0000000092000000|  0%| F|  |TAMS 0x0000000091f00000, 0x0000000091f00000| Untracked 
| 288|0x0000000092000000, 0x0000000092000000, 0x0000000092100000|  0%| F|  |TAMS 0x0000000092000000, 0x0000000092000000| Untracked 
| 289|0x0000000092100000, 0x0000000092100000, 0x0000000092200000|  0%| F|  |TAMS 0x0000000092100000, 0x0000000092100000| Untracked 
| 290|0x0000000092200000, 0x0000000092200000, 0x0000000092300000|  0%| F|  |TAMS 0x0000000092200000, 0x0000000092200000| Untracked 
| 291|0x0000000092300000, 0x0000000092300000, 0x0000000092400000|  0%| F|  |TAMS 0x0000000092300000, 0x0000000092300000| Untracked 
| 292|0x0000000092400000, 0x0000000092400000, 0x0000000092500000|  0%| F|  |TAMS 0x0000000092400000, 0x0000000092400000| Untracked 
| 293|0x0000000092500000, 0x0000000092500000, 0x0000000092600000|  0%| F|  |TAMS 0x0000000092500000, 0x0000000092500000| Untracked 
| 294|0x0000000092600000, 0x0000000092600000, 0x0000000092700000|  0%| F|  |TAMS 0x0000000092600000, 0x0000000092600000| Untracked 
| 295|0x0000000092700000, 0x0000000092700000, 0x0000000092800000|  0%| F|  |TAMS 0x0000000092700000, 0x0000000092700000| Untracked 
| 296|0x0000000092800000, 0x0000000092800000, 0x0000000092900000|  0%| F|  |TAMS 0x0000000092800000, 0x0000000092800000| Untracked 
| 297|0x0000000092900000, 0x0000000092900000, 0x0000000092a00000|  0%| F|  |TAMS 0x0000000092900000, 0x0000000092900000| Untracked 
| 298|0x0000000092a00000, 0x0000000092a00000, 0x0000000092b00000|  0%| F|  |TAMS 0x0000000092a00000, 0x0000000092a00000| Untracked 
| 299|0x0000000092b00000, 0x0000000092b00000, 0x0000000092c00000|  0%| F|  |TAMS 0x0000000092b00000, 0x0000000092b00000| Untracked 
| 300|0x0000000092c00000, 0x0000000092c00000, 0x0000000092d00000|  0%| F|  |TAMS 0x0000000092c00000, 0x0000000092c00000| Untracked 
| 301|0x0000000092d00000, 0x0000000092d00000, 0x0000000092e00000|  0%| F|  |TAMS 0x0000000092d00000, 0x0000000092d00000| Untracked 
| 302|0x0000000092e00000, 0x0000000092e00000, 0x0000000092f00000|  0%| F|  |TAMS 0x0000000092e00000, 0x0000000092e00000| Untracked 
| 303|0x0000000092f00000, 0x0000000092f00000, 0x0000000093000000|  0%| F|  |TAMS 0x0000000092f00000, 0x0000000092f00000| Untracked 
| 304|0x0000000093000000, 0x0000000093000000, 0x0000000093100000|  0%| F|  |TAMS 0x0000000093000000, 0x0000000093000000| Untracked 
| 305|0x0000000093100000, 0x0000000093100000, 0x0000000093200000|  0%| F|  |TAMS 0x0000000093100000, 0x0000000093100000| Untracked 
| 306|0x0000000093200000, 0x0000000093200000, 0x0000000093300000|  0%| F|  |TAMS 0x0000000093200000, 0x0000000093200000| Untracked 
| 307|0x0000000093300000, 0x0000000093300000, 0x0000000093400000|  0%| F|  |TAMS 0x0000000093300000, 0x0000000093300000| Untracked 
| 308|0x0000000093400000, 0x0000000093400000, 0x0000000093500000|  0%| F|  |TAMS 0x0000000093400000, 0x0000000093400000| Untracked 
| 309|0x0000000093500000, 0x0000000093500000, 0x0000000093600000|  0%| F|  |TAMS 0x0000000093500000, 0x0000000093500000| Untracked 
| 310|0x0000000093600000, 0x0000000093600000, 0x0000000093700000|  0%| F|  |TAMS 0x0000000093600000, 0x0000000093600000| Untracked 
| 311|0x0000000093700000, 0x0000000093700000, 0x0000000093800000|  0%| F|  |TAMS 0x0000000093700000, 0x0000000093700000| Untracked 
| 312|0x0000000093800000, 0x0000000093800000, 0x0000000093900000|  0%| F|  |TAMS 0x0000000093800000, 0x0000000093800000| Untracked 
| 313|0x0000000093900000, 0x0000000093900000, 0x0000000093a00000|  0%| F|  |TAMS 0x0000000093900000, 0x0000000093900000| Untracked 
| 314|0x0000000093a00000, 0x0000000093a00000, 0x0000000093b00000|  0%| F|  |TAMS 0x0000000093a00000, 0x0000000093a00000| Untracked 
| 315|0x0000000093b00000, 0x0000000093b00000, 0x0000000093c00000|  0%| F|  |TAMS 0x0000000093b00000, 0x0000000093b00000| Untracked 
| 316|0x0000000093c00000, 0x0000000093c00000, 0x0000000093d00000|  0%| F|  |TAMS 0x0000000093c00000, 0x0000000093c00000| Untracked 
| 317|0x0000000093d00000, 0x0000000093d63948, 0x0000000093e00000| 38%| E|  |TAMS 0x0000000093d00000, 0x0000000093d00000| Complete 
| 318|0x0000000093e00000, 0x0000000093f00000, 0x0000000093f00000|100%| E|CS|TAMS 0x0000000093e00000, 0x0000000093e00000| Complete 
| 319|0x0000000093f00000, 0x0000000094000000, 0x0000000094000000|100%| E|CS|TAMS 0x0000000093f00000, 0x0000000093f00000| Complete 
| 320|0x0000000094000000, 0x0000000094100000, 0x0000000094100000|100%| E|CS|TAMS 0x0000000094000000, 0x0000000094000000| Complete 
| 321|0x0000000094100000, 0x0000000094200000, 0x0000000094200000|100%| E|CS|TAMS 0x0000000094100000, 0x0000000094100000| Complete 
| 322|0x0000000094200000, 0x0000000094300000, 0x0000000094300000|100%| E|CS|TAMS 0x0000000094200000, 0x0000000094200000| Complete 
| 323|0x0000000094300000, 0x0000000094400000, 0x0000000094400000|100%| E|CS|TAMS 0x0000000094300000, 0x0000000094300000| Complete 
| 324|0x0000000094400000, 0x0000000094500000, 0x0000000094500000|100%| E|CS|TAMS 0x0000000094400000, 0x0000000094400000| Complete 
| 325|0x0000000094500000, 0x0000000094600000, 0x0000000094600000|100%| E|CS|TAMS 0x0000000094500000, 0x0000000094500000| Complete 
| 326|0x0000000094600000, 0x0000000094700000, 0x0000000094700000|100%| E|CS|TAMS 0x0000000094600000, 0x0000000094600000| Complete 
| 327|0x0000000094700000, 0x0000000094800000, 0x0000000094800000|100%| E|CS|TAMS 0x0000000094700000, 0x0000000094700000| Complete 
| 328|0x0000000094800000, 0x0000000094900000, 0x0000000094900000|100%| E|CS|TAMS 0x0000000094800000, 0x0000000094800000| Complete 
| 329|0x0000000094900000, 0x0000000094a00000, 0x0000000094a00000|100%| E|CS|TAMS 0x0000000094900000, 0x0000000094900000| Complete 
| 330|0x0000000094a00000, 0x0000000094b00000, 0x0000000094b00000|100%| E|CS|TAMS 0x0000000094a00000, 0x0000000094a00000| Complete 
| 331|0x0000000094b00000, 0x0000000094c00000, 0x0000000094c00000|100%| E|CS|TAMS 0x0000000094b00000, 0x0000000094b00000| Complete 
| 332|0x0000000094c00000, 0x0000000094d00000, 0x0000000094d00000|100%| E|CS|TAMS 0x0000000094c00000, 0x0000000094c00000| Complete 
| 333|0x0000000094d00000, 0x0000000094e00000, 0x0000000094e00000|100%| E|CS|TAMS 0x0000000094d00000, 0x0000000094d00000| Complete 
| 334|0x0000000094e00000, 0x0000000094f00000, 0x0000000094f00000|100%| E|CS|TAMS 0x0000000094e00000, 0x0000000094e00000| Complete 
| 335|0x0000000094f00000, 0x0000000095000000, 0x0000000095000000|100%| E|CS|TAMS 0x0000000094f00000, 0x0000000094f00000| Complete 
| 336|0x0000000095000000, 0x0000000095100000, 0x0000000095100000|100%| E|CS|TAMS 0x0000000095000000, 0x0000000095000000| Complete 
| 337|0x0000000095100000, 0x0000000095200000, 0x0000000095200000|100%| E|CS|TAMS 0x0000000095100000, 0x0000000095100000| Complete 
| 338|0x0000000095200000, 0x0000000095300000, 0x0000000095300000|100%| E|CS|TAMS 0x0000000095200000, 0x0000000095200000| Complete 
| 339|0x0000000095300000, 0x0000000095400000, 0x0000000095400000|100%| E|CS|TAMS 0x0000000095300000, 0x0000000095300000| Complete 
| 340|0x0000000095400000, 0x0000000095500000, 0x0000000095500000|100%| E|CS|TAMS 0x0000000095400000, 0x0000000095400000| Complete 
| 341|0x0000000095500000, 0x0000000095600000, 0x0000000095600000|100%| E|CS|TAMS 0x0000000095500000, 0x0000000095500000| Complete 
| 342|0x0000000095600000, 0x0000000095700000, 0x0000000095700000|100%| E|CS|TAMS 0x0000000095600000, 0x0000000095600000| Complete 
| 343|0x0000000095700000, 0x0000000095800000, 0x0000000095800000|100%| E|CS|TAMS 0x0000000095700000, 0x0000000095700000| Complete 
| 344|0x0000000095800000, 0x0000000095900000, 0x0000000095900000|100%| E|CS|TAMS 0x0000000095800000, 0x0000000095800000| Complete 
| 345|0x0000000095900000, 0x0000000095a00000, 0x0000000095a00000|100%| E|CS|TAMS 0x0000000095900000, 0x0000000095900000| Complete 
| 346|0x0000000095a00000, 0x0000000095b00000, 0x0000000095b00000|100%| E|CS|TAMS 0x0000000095a00000, 0x0000000095a00000| Complete 
| 347|0x0000000095b00000, 0x0000000095c00000, 0x0000000095c00000|100%| E|CS|TAMS 0x0000000095b00000, 0x0000000095b00000| Complete 
| 348|0x0000000095c00000, 0x0000000095d00000, 0x0000000095d00000|100%| E|CS|TAMS 0x0000000095c00000, 0x0000000095c00000| Complete 
| 349|0x0000000095d00000, 0x0000000095e00000, 0x0000000095e00000|100%| E|CS|TAMS 0x0000000095d00000, 0x0000000095d00000| Complete 
| 350|0x0000000095e00000, 0x0000000095f00000, 0x0000000095f00000|100%| E|CS|TAMS 0x0000000095e00000, 0x0000000095e00000| Complete 
| 351|0x0000000095f00000, 0x0000000096000000, 0x0000000096000000|100%| E|CS|TAMS 0x0000000095f00000, 0x0000000095f00000| Complete 
| 352|0x0000000096000000, 0x0000000096100000, 0x0000000096100000|100%| E|CS|TAMS 0x0000000096000000, 0x0000000096000000| Complete 
| 353|0x0000000096100000, 0x0000000096200000, 0x0000000096200000|100%| E|CS|TAMS 0x0000000096100000, 0x0000000096100000| Complete 
| 354|0x0000000096200000, 0x0000000096300000, 0x0000000096300000|100%| E|CS|TAMS 0x0000000096200000, 0x0000000096200000| Complete 
| 355|0x0000000096300000, 0x0000000096400000, 0x0000000096400000|100%| E|CS|TAMS 0x0000000096300000, 0x0000000096300000| Complete 
| 356|0x0000000096400000, 0x0000000096500000, 0x0000000096500000|100%| E|CS|TAMS 0x0000000096400000, 0x0000000096400000| Complete 
| 357|0x0000000096500000, 0x0000000096600000, 0x0000000096600000|100%| E|CS|TAMS 0x0000000096500000, 0x0000000096500000| Complete 
| 358|0x0000000096600000, 0x0000000096700000, 0x0000000096700000|100%| E|CS|TAMS 0x0000000096600000, 0x0000000096600000| Complete 
| 359|0x0000000096700000, 0x0000000096800000, 0x0000000096800000|100%| E|CS|TAMS 0x0000000096700000, 0x0000000096700000| Complete 
| 360|0x0000000096800000, 0x0000000096900000, 0x0000000096900000|100%| E|CS|TAMS 0x0000000096800000, 0x0000000096800000| Complete 
| 361|0x0000000096900000, 0x0000000096a00000, 0x0000000096a00000|100%| E|CS|TAMS 0x0000000096900000, 0x0000000096900000| Complete 
| 362|0x0000000096a00000, 0x0000000096b00000, 0x0000000096b00000|100%| E|CS|TAMS 0x0000000096a00000, 0x0000000096a00000| Complete 
| 363|0x0000000096b00000, 0x0000000096c00000, 0x0000000096c00000|100%| E|CS|TAMS 0x0000000096b00000, 0x0000000096b00000| Complete 
| 364|0x0000000096c00000, 0x0000000096d00000, 0x0000000096d00000|100%| E|CS|TAMS 0x0000000096c00000, 0x0000000096c00000| Complete 
| 365|0x0000000096d00000, 0x0000000096e00000, 0x0000000096e00000|100%| E|CS|TAMS 0x0000000096d00000, 0x0000000096d00000| Complete 

Card table byte_map: [0x000001f33ecc0000,0x000001f33f0c0000] _byte_map_base: 0x000001f33e8c0000

Marking Bits (Prev, Next): (CMBitMap*) 0x000001f32bafa900, (CMBitMap*) 0x000001f32bafa8c8
 Prev Bits: [0x000001f3414c0000, 0x000001f3434c0000)
 Next Bits: [0x000001f33f4c0000, 0x000001f3414c0000)

Polling page: 0x000001f329960000

Metaspace:

Usage:
  Non-class:    110.34 MB capacity,   108.16 MB ( 98%) used,     1.75 MB (  2%) free+waste,   442.75 KB ( <1%) overhead. 
      Class:     17.20 MB capacity,    15.82 MB ( 92%) used,     1.18 MB (  7%) free+waste,   203.19 KB (  1%) overhead. 
       Both:    127.53 MB capacity,   123.98 MB ( 97%) used,     2.93 MB (  2%) free+waste,   645.94 KB ( <1%) overhead. 

Virtual space:
  Non-class space:      112.00 MB reserved,     110.50 MB ( 99%) committed 
      Class space:        1.00 GB reserved,      17.24 MB (  2%) committed 
             Both:        1.11 GB reserved,     127.74 MB ( 11%) committed 

Chunk freelists:
   Non-Class:  38.00 KB
       Class:  23.00 KB
        Both:  61.00 KB

MaxMetaspaceSize: 17179869184.00 GB
CompressedClassSpaceSize: 1.00 GB

CodeHeap 'non-profiled nmethods': size=120000Kb used=12158Kb max_used=12833Kb free=107841Kb
 bounds [0x000001f337060000, 0x000001f337cf0000, 0x000001f33e590000]
CodeHeap 'profiled nmethods': size=120000Kb used=44507Kb max_used=45039Kb free=75492Kb
 bounds [0x000001f32fb30000, 0x000001f3327d0000, 0x000001f337060000]
CodeHeap 'non-nmethods': size=5760Kb used=2360Kb max_used=2422Kb free=3399Kb
 bounds [0x000001f32f590000, 0x000001f32f800000, 0x000001f32fb30000]
 total_blobs=19663 nmethods=18673 adapters=899
 compilation: enabled
              stopped_count=0, restarted_count=0
 full_count=0

Compilation events (20 events):
Event: 149.134 Thread 0x000001f346813800 nmethod 20608 0x000001f330000d10 code [0x000001f330000ec0, 0x000001f330001028]
Event: 149.134 Thread 0x000001f346813800 20564       2       com.android.tools.r8.internal.Ni::K (73 bytes)
Event: 149.134 Thread 0x000001f346813800 nmethod 20564 0x000001f33003c990 code [0x000001f33003cb60, 0x000001f33003ce88]
Event: 149.134 Thread 0x000001f346813800 20677       2       com.android.tools.r8.internal.Ne::H (251 bytes)
Event: 149.137 Thread 0x000001f346813800 nmethod 20677 0x000001f33003e790 code [0x000001f33003eaa0, 0x000001f33003f328]
Event: 149.137 Thread 0x000001f346813800 20641       2       com.android.tools.r8.internal.ka::<init> (35 bytes)
Event: 149.137 Thread 0x000001f346813800 nmethod 20641 0x000001f33003e290 code [0x000001f33003e460, 0x000001f33003e5c8]
Event: 149.137 Thread 0x000001f346813800 20644       2       com.android.tools.r8.ir.conversion.k$$Lambda$1687/0x0000000100febc40::get (28 bytes)
Event: 149.137 Thread 0x000001f346813800 nmethod 20644 0x000001f33001cc90 code [0x000001f33001ce40, 0x000001f33001cf68]
Event: 149.137 Thread 0x000001f346813800 20519       2       com.android.tools.r8.internal.if::addLast (23 bytes)
Event: 149.138 Thread 0x000001f346813800 nmethod 20519 0x000001f33003dd90 code [0x000001f33003df60, 0x000001f33003e138]
Event: 149.138 Thread 0x000001f346813800 20682       2       com.android.tools.r8.internal.XC::a (113 bytes)
Event: 149.139 Thread 0x000001f346813800 nmethod 20682 0x000001f330051390 code [0x000001f330051660, 0x000001f3300522d8]
Event: 149.139 Thread 0x000001f346813800 20684       2       com.android.tools.r8.internal.F7::a (218 bytes)
Event: 149.142 Thread 0x000001f346813800 nmethod 20684 0x000001f330076010 code [0x000001f330076380, 0x000001f330077298]
Event: 149.142 Thread 0x000001f346813800 20680       2       com.android.tools.r8.internal.F7$$Lambda$1794/0x0000000101050840::test (8 bytes)
Event: 149.142 Thread 0x000001f346813800 nmethod 20680 0x000001f33001d490 code [0x000001f33001d640, 0x000001f33001d788]
Event: 149.142 Thread 0x000001f346813800 20681       2       com.android.tools.r8.internal.F7::a (40 bytes)
Event: 149.143 Thread 0x000001f346813800 nmethod 20681 0x000001f330040d10 code [0x000001f330040f00, 0x000001f330041248]
Event: 149.143 Thread 0x000001f346813800 20694       3       com.android.tools.r8.internal.y4::a (591 bytes)

GC Heap History (20 events):
Event: 146.001 GC heap before
{Heap before GC invocations=33 (full 0):
 garbage-first heap   total 260096K, used 200293K [0x0000000080000000, 0x0000000100000000)
  region size 1024K, 83 young (84992K), 2 survivors (2048K)
 Metaspace       used 118647K, capacity 121617K, committed 121848K, reserved 1155072K
  class space    used 14937K, capacity 16034K, committed 16120K, reserved 1048576K
}
Event: 146.015 GC heap after
{Heap after GC invocations=34 (full 0):
 garbage-first heap   total 260096K, used 135756K [0x0000000080000000, 0x0000000100000000)
  region size 1024K, 11 young (11264K), 11 survivors (11264K)
 Metaspace       used 118647K, capacity 121617K, committed 121848K, reserved 1155072K
  class space    used 14937K, capacity 16034K, committed 16120K, reserved 1048576K
}
Event: 146.411 GC heap before
{Heap before GC invocations=35 (full 0):
 garbage-first heap   total 260096K, used 205388K [0x0000000080000000, 0x0000000100000000)
  region size 1024K, 80 young (81920K), 11 survivors (11264K)
 Metaspace       used 120673K, capacity 123829K, committed 124152K, reserved 1157120K
  class space    used 15286K, capacity 16494K, committed 16632K, reserved 1048576K
}
Event: 146.430 GC heap after
{Heap after GC invocations=36 (full 0):
 garbage-first heap   total 260096K, used 146603K [0x0000000080000000, 0x0000000100000000)
  region size 1024K, 10 young (10240K), 10 survivors (10240K)
 Metaspace       used 120673K, capacity 123829K, committed 124152K, reserved 1157120K
  class space    used 15286K, capacity 16494K, committed 16632K, reserved 1048576K
}
Event: 146.438 GC heap before
{Heap before GC invocations=36 (full 0):
 garbage-first heap   total 260096K, used 148651K [0x0000000080000000, 0x0000000100000000)
  region size 1024K, 12 young (12288K), 10 survivors (10240K)
 Metaspace       used 120707K, capacity 123829K, committed 124152K, reserved 1157120K
  class space    used 15294K, capacity 16494K, committed 16632K, reserved 1048576K
}
Event: 146.450 GC heap after
{Heap after GC invocations=37 (full 0):
 garbage-first heap   total 260096K, used 146353K [0x0000000080000000, 0x0000000100000000)
  region size 1024K, 2 young (2048K), 2 survivors (2048K)
 Metaspace       used 120707K, capacity 123829K, committed 124152K, reserved 1157120K
  class space    used 15294K, capacity 16494K, committed 16632K, reserved 1048576K
}
Event: 146.813 GC heap before
{Heap before GC invocations=37 (full 0):
 garbage-first heap   total 260096K, used 208817K [0x0000000080000000, 0x0000000100000000)
  region size 1024K, 64 young (65536K), 2 survivors (2048K)
 Metaspace       used 123961K, capacity 127301K, committed 127608K, reserved 1159168K
  class space    used 15880K, capacity 17167K, committed 17272K, reserved 1048576K
}
Event: 146.826 GC heap after
{Heap after GC invocations=38 (full 0):
 garbage-first heap   total 260096K, used 151304K [0x0000000080000000, 0x0000000100000000)
  region size 1024K, 7 young (7168K), 7 survivors (7168K)
 Metaspace       used 123961K, capacity 127301K, committed 127608K, reserved 1159168K
  class space    used 15880K, capacity 17167K, committed 17272K, reserved 1048576K
}
Event: 147.072 GC heap before
{Heap before GC invocations=38 (full 0):
 garbage-first heap   total 260096K, used 211720K [0x0000000080000000, 0x0000000100000000)
  region size 1024K, 66 young (67584K), 7 survivors (7168K)
 Metaspace       used 125033K, capacity 128506K, committed 128760K, reserved 1161216K
  class space    used 16024K, capacity 17352K, committed 17400K, reserved 1048576K
}
Event: 147.087 GC heap after
{Heap after GC invocations=39 (full 0):
 garbage-first heap   total 312320K, used 155887K [0x0000000080000000, 0x0000000100000000)
  region size 1024K, 5 young (5120K), 5 survivors (5120K)
 Metaspace       used 125033K, capacity 128506K, committed 128760K, reserved 1161216K
  class space    used 16024K, capacity 17352K, committed 17400K, reserved 1048576K
}
Event: 147.474 GC heap before
{Heap before GC invocations=39 (full 0):
 garbage-first heap   total 312320K, used 237807K [0x0000000080000000, 0x0000000100000000)
  region size 1024K, 85 young (87040K), 5 survivors (5120K)
 Metaspace       used 125790K, capacity 129284K, committed 129400K, reserved 1161216K
  class space    used 16114K, capacity 17481K, committed 17528K, reserved 1048576K
}
Event: 147.488 GC heap after
{Heap after GC invocations=40 (full 0):
 garbage-first heap   total 312320K, used 160548K [0x0000000080000000, 0x0000000100000000)
  region size 1024K, 10 young (10240K), 10 survivors (10240K)
 Metaspace       used 125790K, capacity 129284K, committed 129400K, reserved 1161216K
  class space    used 16114K, capacity 17481K, committed 17528K, reserved 1048576K
}
Event: 147.902 GC heap before
{Heap before GC invocations=40 (full 0):
 garbage-first heap   total 312320K, used 243492K [0x0000000080000000, 0x0000000100000000)
  region size 1024K, 91 young (93184K), 10 survivors (10240K)
 Metaspace       used 126063K, capacity 129655K, committed 129784K, reserved 1161216K
  class space    used 16173K, capacity 17566K, committed 17656K, reserved 1048576K
}
Event: 147.917 GC heap after
{Heap after GC invocations=41 (full 0):
 garbage-first heap   total 312320K, used 163547K [0x0000000080000000, 0x0000000100000000)
  region size 1024K, 8 young (8192K), 8 survivors (8192K)
 Metaspace       used 126063K, capacity 129655K, committed 129784K, reserved 1161216K
  class space    used 16173K, capacity 17566K, committed 17656K, reserved 1048576K
}
Event: 148.302 GC heap before
{Heap before GC invocations=41 (full 0):
 garbage-first heap   total 312320K, used 247515K [0x0000000080000000, 0x0000000100000000)
  region size 1024K, 91 young (93184K), 8 survivors (8192K)
 Metaspace       used 126285K, capacity 129929K, committed 130040K, reserved 1161216K
  class space    used 16176K, capacity 17569K, committed 17656K, reserved 1048576K
}
Event: 148.315 GC heap after
{Heap after GC invocations=42 (full 0):
 garbage-first heap   total 312320K, used 165146K [0x0000000080000000, 0x0000000100000000)
  region size 1024K, 6 young (6144K), 6 survivors (6144K)
 Metaspace       used 126285K, capacity 129929K, committed 130040K, reserved 1161216K
  class space    used 16176K, capacity 17569K, committed 17656K, reserved 1048576K
}
Event: 148.635 GC heap before
{Heap before GC invocations=42 (full 0):
 garbage-first heap   total 312320K, used 251162K [0x0000000080000000, 0x0000000100000000)
  region size 1024K, 91 young (93184K), 6 survivors (6144K)
 Metaspace       used 126480K, capacity 130162K, committed 130296K, reserved 1161216K
  class space    used 16187K, capacity 17577K, committed 17656K, reserved 1048576K
}
Event: 148.646 GC heap after
{Heap after GC invocations=43 (full 0):
 garbage-first heap   total 374784K, used 167209K [0x0000000080000000, 0x0000000100000000)
  region size 1024K, 8 young (8192K), 8 survivors (8192K)
 Metaspace       used 126480K, capacity 130162K, committed 130296K, reserved 1161216K
  class space    used 16187K, capacity 17577K, committed 17656K, reserved 1048576K
}
Event: 149.111 GC heap before
{Heap before GC invocations=43 (full 0):
 garbage-first heap   total 374784K, used 289065K [0x0000000080000000, 0x0000000100000000)
  region size 1024K, 128 young (131072K), 8 survivors (8192K)
 Metaspace       used 126737K, capacity 130367K, committed 130552K, reserved 1163264K
  class space    used 16192K, capacity 17577K, committed 17656K, reserved 1048576K
}
Event: 149.124 GC heap after
{Heap after GC invocations=44 (full 0):
 garbage-first heap   total 374784K, used 174489K [0x0000000080000000, 0x0000000100000000)
  region size 1024K, 15 young (15360K), 15 survivors (15360K)
 Metaspace       used 126737K, capacity 130367K, committed 130552K, reserved 1163264K
  class space    used 16192K, capacity 17577K, committed 17656K, reserved 1048576K
}

Deoptimization events (20 events):
Event: 148.600 Thread 0x000001f34deb5800 DEOPT PACKING pc=0x000001f337c48fc4 sp=0x000000586b1f9a80
Event: 148.600 Thread 0x000001f34deb5800 DEOPT UNPACKING pc=0x000001f32f5b78af sp=0x000000586b1f9a28 mode 2
Event: 148.801 Thread 0x000001f34deb5800 Uncommon trap: trap_request=0xffffff4d fr.pc=0x000001f337204068 relative=0x0000000000000228
Event: 148.801 Thread 0x000001f34deb5800 Uncommon trap: reason=unstable_if action=reinterpret pc=0x000001f337204068 method=java.util.HashMap.getNode(ILjava/lang/Object;)Ljava/util/HashMap$Node; @ 84 c2
Event: 148.801 Thread 0x000001f34deb5800 DEOPT PACKING pc=0x000001f337204068 sp=0x000000586b1fa000
Event: 148.801 Thread 0x000001f34deb5800 DEOPT UNPACKING pc=0x000001f32f5b78af sp=0x000000586b1f9f08 mode 2
Event: 148.857 Thread 0x000001f34deb5800 DEOPT PACKING pc=0x000001f3325bdb49 sp=0x000000586b1fa150
Event: 148.857 Thread 0x000001f34deb5800 DEOPT UNPACKING pc=0x000001f32f5b76ce sp=0x000000586b1f9858 mode 0
Event: 148.906 Thread 0x000001f34deba000 Uncommon trap: trap_request=0xffffff4d fr.pc=0x000001f3377557a0 relative=0x0000000000000100
Event: 148.906 Thread 0x000001f34deba000 Uncommon trap: reason=unstable_if action=reinterpret pc=0x000001f3377557a0 method=java.io.ObjectOutputStream$BlockDataOutputStream.writeInt(I)V @ 9 c2
Event: 148.906 Thread 0x000001f34deba000 DEOPT PACKING pc=0x000001f3377557a0 sp=0x000000586b5f9f20
Event: 148.906 Thread 0x000001f34deba000 DEOPT UNPACKING pc=0x000001f32f5b78af sp=0x000000586b5f9eb8 mode 2
Event: 148.921 Thread 0x000001f34deb1000 DEOPT PACKING pc=0x000001f3325fac0a sp=0x000000586b3f9e20
Event: 148.921 Thread 0x000001f34deb1000 DEOPT UNPACKING pc=0x000001f32f5b76ce sp=0x000000586b3f9340 mode 0
Event: 148.972 Thread 0x000001f34deb6000 DEOPT PACKING pc=0x000001f3318dd3c0 sp=0x000000586b0fabb0
Event: 148.972 Thread 0x000001f34deb6000 DEOPT UNPACKING pc=0x000001f32f5b76ce sp=0x000000586b0fa038 mode 0
Event: 149.008 Thread 0x000001f34deb5800 DEOPT PACKING pc=0x000001f332573e95 sp=0x000000586b1fa400
Event: 149.008 Thread 0x000001f34deb5800 DEOPT UNPACKING pc=0x000001f32f5b76ce sp=0x000000586b1f98f0 mode 0
Event: 149.045 Thread 0x000001f34deba000 DEOPT PACKING pc=0x000001f332556464 sp=0x000000586b5f98f0
Event: 149.045 Thread 0x000001f34deba000 DEOPT UNPACKING pc=0x000001f32f5b76ce sp=0x000000586b5f8e88 mode 0

Classes redefined (0 events):
No events

Internal exceptions (20 events):
Event: 147.452 Thread 0x000001f34deb7800 Exception <a 'sun/nio/fs/WindowsException'{0x000000008e5b7f28}> (0x000000008e5b7f28) thrown at [./src/hotspot/share/prims/jni.cpp, line 615]
Event: 147.462 Thread 0x000001f34deb6000 Exception <a 'sun/nio/fs/WindowsException'{0x000000008e3b9450}> (0x000000008e3b9450) thrown at [./src/hotspot/share/prims/jni.cpp, line 615]
Event: 147.511 Thread 0x000001f34deb5800 Implicit null exception at 0x000001f337518f6b to 0x000001f337518f8c
Event: 147.579 Thread 0x000001f34deb5800 Implicit null exception at 0x000001f3370fde6f to 0x000001f3370fdfac
Event: 147.642 Thread 0x000001f34deb5800 Exception <a 'sun/nio/fs/WindowsException'{0x00000000909797a8}> (0x00000000909797a8) thrown at [./src/hotspot/share/prims/jni.cpp, line 615]
Event: 147.704 Thread 0x000001f34deb7800 Exception <a 'sun/nio/fs/WindowsException'{0x0000000090bddc50}> (0x0000000090bddc50) thrown at [./src/hotspot/share/prims/jni.cpp, line 615]
Event: 147.743 Thread 0x000001f34deb6000 Exception <a 'sun/nio/fs/WindowsException'{0x000000008feab4c0}> (0x000000008feab4c0) thrown at [./src/hotspot/share/prims/jni.cpp, line 615]
Event: 147.993 Thread 0x000001f34deb7800 Exception <a 'sun/nio/fs/WindowsException'{0x00000000922a14e0}> (0x00000000922a14e0) thrown at [./src/hotspot/share/prims/jni.cpp, line 615]
Event: 148.006 Thread 0x000001f34deb5800 Exception <a 'sun/nio/fs/WindowsException'{0x00000000920f5e20}> (0x00000000920f5e20) thrown at [./src/hotspot/share/prims/jni.cpp, line 615]
Event: 148.101 Thread 0x000001f34deb0800 Exception <a 'sun/nio/fs/WindowsException'{0x0000000090c93c70}> (0x0000000090c93c70) thrown at [./src/hotspot/share/prims/jni.cpp, line 615]
Event: 148.131 Thread 0x000001f34deb6000 Exception <a 'sun/nio/fs/WindowsException'{0x00000000904f8750}> (0x00000000904f8750) thrown at [./src/hotspot/share/prims/jni.cpp, line 615]
Event: 148.147 Thread 0x000001f34deb7800 Exception <a 'sun/nio/fs/WindowsException'{0x00000000901dbef0}> (0x00000000901dbef0) thrown at [./src/hotspot/share/prims/jni.cpp, line 615]
Event: 148.187 Thread 0x000001f34deb5800 Exception <a 'sun/nio/fs/WindowsException'{0x000000008feecea8}> (0x000000008feecea8) thrown at [./src/hotspot/share/prims/jni.cpp, line 615]
Event: 148.365 Thread 0x000001f34deb7800 Exception <a 'sun/nio/fs/WindowsException'{0x000000009259a170}> (0x000000009259a170) thrown at [./src/hotspot/share/prims/jni.cpp, line 615]
Event: 148.389 Thread 0x000001f34debb000 Exception <a 'sun/nio/fs/WindowsException'{0x0000000092447db8}> (0x0000000092447db8) thrown at [./src/hotspot/share/prims/jni.cpp, line 615]
Event: 148.401 Thread 0x000001f34deb6000 Exception <a 'sun/nio/fs/WindowsException'{0x0000000091eff488}> (0x0000000091eff488) thrown at [./src/hotspot/share/prims/jni.cpp, line 615]
Event: 148.412 Thread 0x000001f34deb7800 Exception <a 'sun/nio/fs/WindowsException'{0x0000000091a07ac0}> (0x0000000091a07ac0) thrown at [./src/hotspot/share/prims/jni.cpp, line 615]
Event: 148.540 Thread 0x000001f34deb5800 Exception <a 'sun/nio/fs/WindowsException'{0x000000008f8b4ba0}> (0x000000008f8b4ba0) thrown at [./src/hotspot/share/prims/jni.cpp, line 615]
Event: 148.666 Thread 0x000001f34deb0800 Exception <a 'sun/nio/fs/WindowsException'{0x0000000096752370}> (0x0000000096752370) thrown at [./src/hotspot/share/prims/jni.cpp, line 615]
Event: 148.898 Thread 0x000001f34deb0800 Exception <a 'sun/nio/fs/WindowsException'{0x0000000092cbb978}> (0x0000000092cbb978) thrown at [./src/hotspot/share/prims/jni.cpp, line 615]

Events (20 events):
Event: 148.765 Thread 0x000001f34681d000 flushing nmethod 0x000001f330f08410
Event: 148.765 Thread 0x000001f34681d000 flushing nmethod 0x000001f330f29c10
Event: 148.765 Thread 0x000001f34681d000 flushing nmethod 0x000001f330f2e390
Event: 148.765 Thread 0x000001f34681d000 flushing nmethod 0x000001f330f3ce90
Event: 148.765 Thread 0x000001f34681d000 flushing nmethod 0x000001f330fb3210
Event: 148.772 Thread 0x000001f34681d000 flushing nmethod 0x000001f331a19b10
Event: 148.875 Executing VM operation: ICBufferFull
Event: 148.877 Executing VM operation: ICBufferFull done
Event: 149.107 Executing VM operation: G1CollectForAllocation
Event: 149.124 Executing VM operation: G1CollectForAllocation done
Event: 149.133 loading class com/android/tools/r8/code/w3
Event: 149.133 loading class com/android/tools/r8/code/w3 done
Event: 149.133 loading class com/android/tools/r8/code/z3
Event: 149.133 loading class com/android/tools/r8/code/z3 done
Event: 149.135 loading class com/android/tools/r8/code/y3
Event: 149.135 loading class com/android/tools/r8/code/y3 done
Event: 149.136 loading class com/android/tools/r8/code/A3
Event: 149.136 loading class com/android/tools/r8/code/A3 done
Event: 149.137 loading class com/android/tools/r8/code/x3
Event: 149.137 loading class com/android/tools/r8/code/x3 done


Dynamic libraries:
0x00007ff6bdae0000 - 0x00007ff6bdaea000 	C:\Program Files\Android\Android Studio1\jre\bin\java.exe
0x00007ffacfb60000 - 0x00007ffacfd50000 	C:\WINDOWS\SYSTEM32\ntdll.dll
0x00007ffacf860000 - 0x00007ffacf912000 	C:\WINDOWS\System32\KERNEL32.DLL
0x00007ffacd960000 - 0x00007ffacdc05000 	C:\WINDOWS\System32\KERNELBASE.dll
0x00007ffacd080000 - 0x00007ffacd17a000 	C:\WINDOWS\System32\ucrtbase.dll
0x00007ffaca480000 - 0x00007ffaca497000 	C:\Program Files\Android\Android Studio1\jre\bin\VCRUNTIME140.dll
0x00007ffac91a0000 - 0x00007ffac91b9000 	C:\Program Files\Android\Android Studio1\jre\bin\jli.dll
0x00007fface300000 - 0x00007fface494000 	C:\WINDOWS\System32\USER32.dll
0x00007ffaccf50000 - 0x00007ffaccf71000 	C:\WINDOWS\System32\win32u.dll
0x00007ffacf280000 - 0x00007ffacf2a6000 	C:\WINDOWS\System32\GDI32.dll
0x00007ffaccad0000 - 0x00007ffaccc68000 	C:\WINDOWS\System32\gdi32full.dll
0x00007ffacceb0000 - 0x00007ffaccf4e000 	C:\WINDOWS\System32\msvcp_win.dll
0x00007ffab2fb0000 - 0x00007ffab3234000 	C:\WINDOWS\WinSxS\amd64_microsoft.windows.common-controls_6595b64144ccf1df_6.0.18362.1556_none_9e7e372fe45e41d5\COMCTL32.dll
0x00007ffaceff0000 - 0x00007ffacf08e000 	C:\WINDOWS\System32\msvcrt.dll
0x00007ffacf520000 - 0x00007ffacf856000 	C:\WINDOWS\System32\combase.dll
0x00007fface610000 - 0x00007fface72f000 	C:\WINDOWS\System32\RPCRT4.dll
0x00007ffaccfa0000 - 0x00007ffacd021000 	C:\WINDOWS\System32\bcryptPrimitives.dll
0x00007ffacf2b0000 - 0x00007ffacf2de000 	C:\WINDOWS\System32\IMM32.DLL
0x00007ffacc800000 - 0x00007ffacc85e000 	C:\WINDOWS\SYSTEM32\oleLoader.dll
0x00007ffac8eb0000 - 0x00007ffac8f4d000 	C:\Program Files\Android\Android Studio1\jre\bin\msvcp140.dll
0x00007ffa58560000 - 0x00007ffa5902f000 	C:\Program Files\Android\Android Studio1\jre\bin\server\jvm.dll
0x00007ffacf160000 - 0x00007ffacf203000 	C:\WINDOWS\System32\ADVAPI32.dll
0x00007ffacf480000 - 0x00007ffacf517000 	C:\WINDOWS\System32\sechost.dll
0x00007fface4a0000 - 0x00007fface4a8000 	C:\WINDOWS\System32\PSAPI.DLL
0x00007ffaa85a0000 - 0x00007ffaa85a9000 	C:\WINDOWS\SYSTEM32\WSOCK32.dll
0x00007ffacfa30000 - 0x00007ffacfa9f000 	C:\WINDOWS\System32\WS2_32.dll
0x00007ffac7580000 - 0x00007ffac75a4000 	C:\WINDOWS\SYSTEM32\WINMM.dll
0x00007ffac1c10000 - 0x00007ffac1c1a000 	C:\WINDOWS\SYSTEM32\VERSION.dll
0x00007ffac7550000 - 0x00007ffac757d000 	C:\WINDOWS\SYSTEM32\winmmbase.dll
0x00007ffacd030000 - 0x00007ffacd07a000 	C:\WINDOWS\System32\cfgmgr32.dll
0x00007ffacca40000 - 0x00007ffacca51000 	C:\WINDOWS\System32\kernel.appcore.dll
0x00007ffaca780000 - 0x00007ffaca791000 	C:\Program Files\Android\Android Studio1\jre\bin\verify.dll
0x00007ffacb160000 - 0x00007ffacb354000 	C:\WINDOWS\SYSTEM32\DBGHELP.DLL
0x00007ffaa9980000 - 0x00007ffaa99aa000 	C:\WINDOWS\SYSTEM32\dbgcore.DLL
0x00007ffaca430000 - 0x00007ffaca459000 	C:\Program Files\Android\Android Studio1\jre\bin\java.dll
0x00007ffaca4c0000 - 0x00007ffaca4cb000 	C:\Program Files\Android\Android Studio1\jre\bin\jimage.dll
0x00007ffac9310000 - 0x00007ffac9328000 	C:\Program Files\Android\Android Studio1\jre\bin\zip.dll
0x00007ffacdc10000 - 0x00007fface2f7000 	C:\WINDOWS\System32\SHELL32.dll
0x00007ffacf920000 - 0x00007ffacf9c8000 	C:\WINDOWS\System32\shcore.dll
0x00007ffacd1e0000 - 0x00007ffacd95b000 	C:\WINDOWS\System32\windows.storage.dll
0x00007ffacca20000 - 0x00007ffacca3e000 	C:\WINDOWS\System32\profapi.dll
0x00007ffacca60000 - 0x00007ffaccaaa000 	C:\WINDOWS\System32\powrprof.dll
0x00007ffacca10000 - 0x00007ffacca20000 	C:\WINDOWS\System32\UMPDC.dll
0x00007ffacf9d0000 - 0x00007ffacfa22000 	C:\WINDOWS\System32\shlwapi.dll
0x00007ffaccf80000 - 0x00007ffaccf97000 	C:\WINDOWS\System32\cryptsp.dll
0x00007ffac92f0000 - 0x00007ffac930a000 	C:\Program Files\Android\Android Studio1\jre\bin\net.dll
0x00007ffac4ad0000 - 0x00007ffac4bca000 	C:\WINDOWS\SYSTEM32\WINHTTP.dll
0x00007ffacc190000 - 0x00007ffacc1f7000 	C:\WINDOWS\system32\mswsock.dll
0x00007ffac28b0000 - 0x00007ffac28c4000 	C:\Program Files\Android\Android Studio1\jre\bin\nio.dll
0x00007ffa8d880000 - 0x00007ffa8d8a7000 	C:\Users\s00598961\.gradle\native\8bec1ad78214c89d9ad589b4d07fe93259594b29d510b10fafb7a158f7737e5d\windows-amd64\native-platform.dll
0x00007ffa84fd0000 - 0x00007ffa8510d000 	C:\Users\s00598961\.gradle\native\53dbd7edfb1c66fb8903c78663c9afc45aea4f116125fa6feffd364cf09443e8\windows-amd64\native-platform-file-events.dll
0x00007ffaca420000 - 0x00007ffaca42a000 	C:\Program Files\Android\Android Studio1\jre\bin\management.dll
0x00007ffac9230000 - 0x00007ffac923c000 	C:\Program Files\Android\Android Studio1\jre\bin\management_ext.dll
0x00007ffacbd10000 - 0x00007ffacbd43000 	C:\WINDOWS\system32\rsaenh.dll
0x00007ffaccd20000 - 0x00007ffaccd46000 	C:\WINDOWS\System32\bcrypt.dll
0x00007ffacc900000 - 0x00007ffacc925000 	C:\WINDOWS\SYSTEM32\USERENV.dll
0x00007ffacc360000 - 0x00007ffacc36c000 	C:\WINDOWS\SYSTEM32\CRYPTBASE.dll
0x00007ffacbea0000 - 0x00007ffacbeda000 	C:\WINDOWS\SYSTEM32\IPHLPAPI.DLL
0x00007ffacf410000 - 0x00007ffacf418000 	C:\WINDOWS\System32\NSI.dll
0x00007ffac4660000 - 0x00007ffac4676000 	C:\WINDOWS\SYSTEM32\dhcpcsvc6.DLL
0x00007ffac4640000 - 0x00007ffac465c000 	C:\WINDOWS\SYSTEM32\dhcpcsvc.DLL
0x00007ffacbee0000 - 0x00007ffacbfab000 	C:\WINDOWS\SYSTEM32\DNSAPI.dll
0x00007ffac7ee0000 - 0x00007ffac7efe000 	C:\Users\s00598961\AppData\Local\Temp\native-platform4947430436852071806dir\native-platform.dll
0x00007ffac9390000 - 0x00007ffac9398000 	C:\Program Files\Android\Android Studio1\jre\bin\rmi.dll
0x0000000053580000 - 0x00000000535a6000 	C:\Program Files\Bonjour\mdnsNSP.dll
0x00007ffac3230000 - 0x00007ffac323a000 	C:\Windows\System32\rasadhlp.dll
0x00007ffac4760000 - 0x00007ffac47d7000 	C:\WINDOWS\System32\fwpuclnt.dll
0x00007ffacb670000 - 0x00007ffacb6a1000 	C:\WINDOWS\SYSTEM32\ntmarta.dll

dbghelp: loaded successfully - version: 4.0.5 - missing functions: none
symbol engine: initialized successfully - sym options: 0x614 - pdb path: .;C:\Program Files\Android\Android Studio1\jre\bin;C:\WINDOWS\SYSTEM32;C:\WINDOWS\WinSxS\amd64_microsoft.windows.common-controls_6595b64144ccf1df_6.0.18362.1556_none_9e7e372fe45e41d5;C:\Program Files\Android\Android Studio1\jre\bin\server;C:\Users\s00598961\.gradle\native\8bec1ad78214c89d9ad589b4d07fe93259594b29d510b10fafb7a158f7737e5d\windows-amd64;C:\Users\s00598961\.gradle\native\53dbd7edfb1c66fb8903c78663c9afc45aea4f116125fa6feffd364cf09443e8\windows-amd64;C:\Users\s00598961\AppData\Local\Temp\native-platform4947430436852071806dir;C:\Program Files\Bonjour

VM Arguments:
jvm_args: --add-opens=java.base/java.util=ALL-UNNAMED --add-opens=java.base/java.lang=ALL-UNNAMED --add-opens=java.base/java.lang.invoke=ALL-UNNAMED --add-opens=java.base/java.util=ALL-UNNAMED --add-opens=java.prefs/java.util.prefs=ALL-UNNAMED --add-opens=java.prefs/java.util.prefs=ALL-UNNAMED --add-opens=java.base/java.nio.charset=ALL-UNNAMED --add-opens=java.base/java.net=ALL-UNNAMED --add-opens=java.base/java.util.concurrent.atomic=ALL-UNNAMED -Xmx2048m -Dfile.encoding=UTF-8 -Duser.country=US -Duser.language=en -Duser.variant 
java_command: org.gradle.launcher.daemon.bootstrap.GradleDaemon 7.0.2
java_class_path (initial): C:\Users\s00598961\.gradle\wrapper\dists\gradle-7.0.2-bin\857tjihv64xamwrf0h14cai3r\gradle-7.0.2\lib\gradle-launcher-7.0.2.jar
Launcher Type: SUN_STANDARD

[Global flags]
     intx CICompilerCount                          = 4                                         {product} {ergonomic}
     uint ConcGCThreads                            = 2                                         {product} {ergonomic}
     uint G1ConcRefinementThreads                  = 8                                         {product} {ergonomic}
   size_t G1HeapRegionSize                         = 1048576                                   {product} {ergonomic}
    uintx GCDrainStackTargetSize                   = 64                                        {product} {ergonomic}
   size_t InitialHeapSize                          = 266338304                                 {product} {ergonomic}
   size_t MarkStackSize                            = 4194304                                   {product} {ergonomic}
   size_t MaxHeapSize                              = 2147483648                                {product} {command line}
   size_t MaxNewSize                               = 1287651328                                {product} {ergonomic}
   size_t MinHeapDeltaBytes                        = 1048576                                   {product} {ergonomic}
    uintx NonNMethodCodeHeapSize                   = 5836300                                {pd product} {ergonomic}
    uintx NonProfiledCodeHeapSize                  = 122910970                              {pd product} {ergonomic}
    uintx ProfiledCodeHeapSize                     = 122910970                              {pd product} {ergonomic}
    uintx ReservedCodeCacheSize                    = 251658240                              {pd product} {ergonomic}
     bool SegmentedCodeCache                       = true                                      {product} {ergonomic}
     bool UseCompressedClassPointers               = true                                 {lp64_product} {ergonomic}
     bool UseCompressedOops                        = true                                 {lp64_product} {ergonomic}
     bool UseG1GC                                  = true                                      {product} {ergonomic}
     bool UseLargePagesIndividualAllocation        = false                                  {pd product} {ergonomic}

Logging:
Log output configuration:
 #0: stdout all=warning uptime,level,tags
 #1: stderr all=off uptime,level,tags

Environment Variables:
JAVA_HOME=C:\Program Files\Java\jdk-16
PATH=C:\Program Files\Common Files\Oracle\Java\javapath;C:\Program Files (x86)\Common Files\Oracle\Java\javapath;C:\Users\s00598961\AppData\Local\Android\Sdk\platform-tools;C:\Program Files\Git\bin\;C:\Program Files\Git\cmd\;C:\Users\s00598961\AppData\Roaming\npm;C:\Windows\System32;C:\System32\WindowsPowerShell\v5.1\;D:\flutter\bin;C:\Windows\System32\WindowsPowerShell\v1.0;C:\ProgramData\chocolatey\bin;C:\Program Files\nodejs\;C:\Program Files\OpenJDK\openjdk-8u312-b07\bin;C:\Program Files\OpenJDK\openjdk-8u312-b07\bin;C:\Users\s00598961\AppData\Local\Microsoft\WindowsApps;C:\Users\s00598961\AppData\Local\Programs\Microsoft VS Code\bin;C:\Users\s00598961\AppData\Roaming\npm;C:\Program Files\Huawei\DevEco Studio 3.0.0.691\bin;
USERNAME=s00598961
OS=Windows_NT
PROCESSOR_IDENTIFIER=Intel64 Family 6 Model 142 Stepping 12, GenuineIntel



---------------  S Y S T E M  ---------------

OS: Windows 10 , 64 bit Build 18362 (10.0.18362.1500)
OS uptime: 0 days 10:10 hours

CPU:total 8 (initial active 8) (4 cores per cpu, 2 threads per core) family 6 model 142 stepping 12 microcode 0xea, cmov, cx8, fxsr, mmx, sse, sse2, sse3, ssse3, sse4.1, sse4.2, popcnt, avx, avx2, aes, clmul, erms, 3dnowpref, lzcnt, ht, tsc, tscinvbit, bmi1, bmi2, adx, fma

Memory: 4k page, system-wide physical 16172M (1764M free)
TotalPageFile size 16172M (AvailPageFile size 7M)
current process WorkingSet (physical memory assigned to process): 813M, peak: 819M
current process commit charge ("private bytes"): 870M, peak: 873M

vm_info: OpenJDK 64-Bit Server VM (11.0.10+0-b96-7249189) for windows-amd64 JRE (11.0.10+0-b96-7249189), built on Mar 31 2021 21:44:00 by "builder" with MS VC++ 14.0 (VS2015)

END.
